#
# A fatal error has been detected by the Java Runtime Environment:
#
#  EXCEPTION_ACCESS_VIOLATION (0xc0000005) at pc=0x68e9631e, pid=384, tid=0x000010a8
#
# JRE version: Java(TM) SE Runtime Environment (8.0_111-b14) (build 1.8.0_111-b14)
# Java VM: Java HotSpot(TM) Client VM (25.111-b14 mixed mode windows-x86 )
# Problematic frame:
# V  [jvm.dll+0xe631e]
#
# Failed to write core dump. Minidumps are not enabled by default on client versions of Windows
#
# If you would like to submit a bug report, please visit:
#   http://bugreport.java.com/bugreport/crash.jsp
#

---------------  T H R E A D  ---------------

Current thread (0x28bc0400):  JavaThread "EventThread COM11" [_thread_in_vm, id=4264, stack(0x27830000,0x27880000)]

siginfo: ExceptionCode=0xc0000005, reading address 0x00000000

Registers:
EAX=0x00000000, EBX=0x28bc0540, ECX=0x28bc0400, EDX=0x0000009f
ESP=0x2787f68c, EBP=0x2787f6a8, ESI=0x00000000, EDI=0x28bc0400
EIP=0x68e9631e, EFLAGS=0x00010246

Top of Stack: (sp=0x2787f68c)
0x2787f68c:   286272ec 00000000 28bc0540 28bc0400
0x2787f69c:   28568064 0000009f 69091020 00000778
0x2787f6ac:   64001f0c 28bc0540 00000000 00000000
0x2787f6bc:   00000002 2787f71c fff80000 00000000
0x2787f6cc:   fff80000 00000000 2913d280 00000000
0x2787f6dc:   fff80000 00000000 00000778 00000000
0x2787f6ec:   286272e8 00000000 00000000 00000000
0x2787f6fc:   00000000 00000000 00000000 00000000 

Instructions: (pc=0x68e9631e)
0x68e962fe:   c4 08 83 7f 04 00 89 7d f0 c7 45 f4 00 00 00 00
0x68e9630e:   74 08 8d 4d f0 e8 28 1a 0c 00 8b 75 10 8b 45 0c
0x68e9631e:   8b 10 85 f6 78 32 8b 45 14 85 c0 78 2b 8d 0c 06
0x68e9632e:   3b 4a 08 77 23 85 c0 7e 3b 8b 4a 04 8b 49 04 83 


Register to memory mapping:

EAX=0x00000000 is an unknown value
EBX=0x28bc0540 is an unknown value
ECX=0x28bc0400 is a thread
EDX=0x0000009f is an unknown value
ESP=0x2787f68c is pointing into the stack for thread: 0x28bc0400
EBP=0x2787f6a8 is pointing into the stack for thread: 0x28bc0400
ESI=0x00000000 is an unknown value
EDI=0x28bc0400 is a thread


Stack: [0x27830000,0x27880000],  sp=0x2787f68c,  free space=317k
Native frames: (J=compiled Java code, j=interpreted, Vv=VM code, C=native code)
V  [jvm.dll+0xe631e]
C  [jSSC-2.8_x86.dll+0x1f0c]

Java frames: (J=compiled Java code, j=interpreted, Vv=VM code)
J 2695  jssc.SerialNativeInterface.waitEvents(J)[[I (0 bytes) @ 0x030b17dd [0x030b1790+0x4d]
J 2704 C1 jssc.SerialPort$EventThread.run()V (84 bytes) @ 0x03368d00 [0x03368cb0+0x50]
v  ~StubRoutines::call_stub

---------------  P R O C E S S  ---------------

Java Threads: ( => current thread )
  0x28bbc400 JavaThread "129-236-162-197.local..recover()" daemon [_thread_blocked, id=5036, stack(0x27650000,0x276a0000)]
  0x28bc2400 JavaThread "AWT-EventQueue-0" [_thread_blocked, id=14956, stack(0x274a0000,0x274f0000)]
  0x28bc1400 JavaThread "JmDNS(129-236-162-197.local.).Timer" daemon [_thread_blocked, id=14556, stack(0x27410000,0x27460000)]
  0x28bc1c00 JavaThread "JmDNS(129-236-162-197.local.).Timer" daemon [_thread_blocked, id=9704, stack(0x04ef0000,0x04f40000)]
  0x28bc0800 JavaThread "SocketListener(129-236-162-197.local.)" daemon [_thread_blocked, id=232, stack(0x02980000,0x029d0000)]
  0x28bc3000 JavaThread "fe80:0:0:0:bb:5ffc:fa4:edf1%eth1.local..recover()" daemon [_thread_blocked, id=11620, stack(0x271f0000,0x27240000)]
  0x28bc2800 JavaThread "JmDNS(fe80:0:0:0:bb:5ffc:fa4:edf1%eth1.local.).State.Timer" [_thread_blocked, id=6264, stack(0x02c50000,0x02ca0000)]
  0x28bbf000 JavaThread "JmDNS(fe80:0:0:0:bb:5ffc:fa4:edf1%eth1.local.).Timer" daemon [_thread_blocked, id=15160, stack(0x02aa0000,0x02af0000)]
=>0x28bc0400 JavaThread "EventThread COM11" [_thread_in_vm, id=4264, stack(0x27830000,0x27880000)]
  0x28bbcc00 JavaThread "DestroyJavaVM" [_thread_blocked, id=10752, stack(0x02af0000,0x02b40000)]
  0x28bbf800 JavaThread "TimerQueue" daemon [_thread_blocked, id=876, stack(0x2a4e0000,0x2a530000)]
  0x28656000 JavaThread "AWT-EventQueue-0" [_thread_blocked, id=5620, stack(0x27ea0000,0x27ef0000)]
  0x28658000 JavaThread "AWT-Shutdown" [_thread_blocked, id=11684, stack(0x27e10000,0x27e60000)]
  0x28655800 JavaThread "Batik CleanerThread" daemon [_thread_blocked, id=12756, stack(0x26f50000,0x26fa0000)]
  0x285e7000 JavaThread "cc.arduino.packages.discoverers.network.BoardReachabilityFilter" [_thread_blocked, id=7360, stack(0x290e0000,0x29130000)]
  0x285e6c00 JavaThread "cc.arduino.packages.discoverers.network.NetworkChecker" [_thread_blocked, id=6900, stack(0x29050000,0x290a0000)]
  0x285e6400 JavaThread "cc.arduino.packages.discoverers.serial.SerialBoardsLister" [_thread_blocked, id=11712, stack(0x28fc0000,0x29010000)]
  0x26b2a400 JavaThread "AWT-Windows" daemon [_thread_in_native, id=8876, stack(0x26fe0000,0x27030000)]
  0x26b29400 JavaThread "Java2D Disposer" daemon [_thread_blocked, id=4844, stack(0x26ec0000,0x26f10000)]
  0x26342400 JavaThread "Service Thread" daemon [_thread_blocked, id=7624, stack(0x267b0000,0x26800000)]
  0x2634c800 JavaThread "C1 CompilerThread0" daemon [_thread_blocked, id=6656, stack(0x26720000,0x26770000)]
  0x2634b800 JavaThread "Attach Listener" daemon [_thread_blocked, id=10444, stack(0x26690000,0x266e0000)]
  0x26347c00 JavaThread "Signal Dispatcher" daemon [_thread_blocked, id=7392, stack(0x26600000,0x26650000)]
  0x2632a400 JavaThread "Finalizer" daemon [_thread_blocked, id=7316, stack(0x25a50000,0x25aa0000)]
  0x26314800 JavaThread "Reference Handler" daemon [_thread_blocked, id=9356, stack(0x259c0000,0x25a10000)]

Other Threads:
  0x02c4dc00 VMThread [stack: 0x25930000,0x25980000] [id=396]
  0x26370000 WatcherThread [stack: 0x26840000,0x26890000] [id=12408]

VM state:synchronizing (normal execution)

VM Mutex/Monitor currently owned by a thread:  ([mutex/lock_event])
[0x02a9cc38] Threads_lock - owner thread: 0x02c4dc00
[0x02a9c620] Heap_lock - owner thread: 0x285e6c00

Heap:
 def new generation   total 157248K, used 157247K [0x05000000, 0x0faa0000, 0x0faa0000)
  eden space 139776K, 100% used [0x05000000, 0x0d880000, 0x0d880000)
  from space 17472K,  99% used [0x0d880000, 0x0e98fff8, 0x0e990000)
  to   space 17472K,   0% used [0x0e990000, 0x0e990000, 0x0faa0000)
 tenured generation   total 349568K, used 349567K [0x0faa0000, 0x25000000, 0x25000000)
   the space 349568K,  99% used [0x0faa0000, 0x24fffff8, 0x25000000, 0x25000000)
 Metaspace       used 18793K, capacity 19255K, committed 19456K, reserved 19840K

Card table byte_map: [0x25000000,0x25110000] byte_map_base: 0x24fd8000

Polling page: 0x00c00000

CodeCache: size=32768Kb used=2293Kb max_used=4691Kb free=30474Kb
 bounds [0x02ef0000, 0x03388000, 0x04ef0000]
 total_blobs=1225 nmethods=944 adapters=208
 compilation: enabled

Compilation events (10 events):
Event: 384267.041 Thread 0x2634c800 3213             javax.swing.text.CompositeView::getView (7 bytes)
Event: 384267.041 Thread 0x2634c800 nmethod 3213 0x0333dc08 code [0x0333dd00, 0x0333dda0]
Event: 384273.254 Thread 0x2634c800 3214             java.net.Inet6Address$Inet6AddressHolder::hashCode (68 bytes)
Event: 384273.254 Thread 0x2634c800 nmethod 3214 0x03287d08 code [0x03287e10, 0x03287f20]
Event: 384273.817 Thread 0x2634c800 3215             javax.swing.text.CompositeView::getViewCount (5 bytes)
Event: 384273.817 Thread 0x2634c800 nmethod 3215 0x03287b48 code [0x03287c40, 0x03287cc0]
Event: 384290.782 Thread 0x2634c800 3216             java.util.Collections$UnmodifiableMap::get (11 bytes)
Event: 384290.782 Thread 0x2634c800 nmethod 3216 0x03271c88 code [0x03271d90, 0x03271e2c]
Event: 384506.357 Thread 0x2634c800 3217             java.awt.EventDispatchThread::pumpEventsForFilter (47 bytes)
Event: 384511.528 Thread 0x2634c800 nmethod 3217 0x0333de88 code [0x0333dfb0, 0x0333e120]

GC Heap History (10 events):
Event: 384511.528 GC heap before
{Heap before GC invocations=200379 (full 119859):
 def new generation   total 157248K, used 157247K [0x05000000, 0x0faa0000, 0x0faa0000)
  eden space 139776K,  99% used [0x05000000, 0x0d87fff0, 0x0d880000)
  from space 17472K,  99% used [0x0d880000, 0x0e98fff8, 0x0e990000)
  to   space 17472K,   0% used [0x0e990000, 0x0e990000, 0x0faa0000)
 tenured generation   total 349568K, used 349567K [0x0faa0000, 0x25000000, 0x25000000)
   the space 349568K,  99% used [0x0faa0000, 0x24fffff8, 0x25000000, 0x25000000)
 Metaspace       used 18793K, capacity 19255K, committed 19456K, reserved 19840K
Event: 384512.101 GC heap after
Heap after GC invocations=200380 (full 119860):
 def new generation   total 157248K, used 157246K [0x05000000, 0x0faa0000, 0x0faa0000)
  eden space 139776K,  99% used [0x05000000, 0x0d87ff90, 0x0d880000)
  from space 17472K,  99% used [0x0d880000, 0x0e98fc40, 0x0e990000)
  to   space 17472K,   0% used [0x0e990000, 0x0e990000, 0x0faa0000)
 tenured generation   total 349568K, used 349567K [0x0faa0000, 0x25000000, 0x25000000)
   the space 349568K,  99% used [0x0faa0000, 0x24ffffe8, 0x25000000, 0x25000000)
 Metaspace       used 18793K, capacity 19255K, committed 19456K, reserved 19840K
}
Event: 384512.101 GC heap before
{Heap before GC invocations=200380 (full 119860):
 def new generation   total 157248K, used 157247K [0x05000000, 0x0faa0000, 0x0faa0000)
  eden space 139776K, 100% used [0x05000000, 0x0d880000, 0x0d880000)
  from space 17472K,  99% used [0x0d880000, 0x0e98fe48, 0x0e990000)
  to   space 17472K,   0% used [0x0e990000, 0x0e990000, 0x0faa0000)
 tenured generation   total 349568K, used 349567K [0x0faa0000, 0x25000000, 0x25000000)
   the space 349568K,  99% used [0x0faa0000, 0x24ffffe8, 0x25000000, 0x25000000)
 Metaspace       used 18793K, capacity 19255K, committed 19456K, reserved 19840K
Event: 384512.675 GC heap after
Heap after GC invocations=200381 (full 119861):
 def new generation   total 157248K, used 157247K [0x05000000, 0x0faa0000, 0x0faa0000)
  eden space 139776K, 100% used [0x05000000, 0x0d880000, 0x0d880000)
  from space 17472K,  99% used [0x0d880000, 0x0e98fcd0, 0x0e990000)
  to   space 17472K,   0% used [0x0e990000, 0x0e990000, 0x0faa0000)
 tenured generation   total 349568K, used 349567K [0x0faa0000, 0x25000000, 0x25000000)
   the space 349568K,  99% used [0x0faa0000, 0x24ffffe8, 0x25000000, 0x25000000)
 Metaspace       used 18793K, capacity 19255K, committed 19456K, reserved 19840K
}
Event: 384512.675 GC heap before
{Heap before GC invocations=200381 (full 119861):
 def new generation   total 157248K, used 157247K [0x05000000, 0x0faa0000, 0x0faa0000)
  eden space 139776K, 100% used [0x05000000, 0x0d880000, 0x0d880000)
  from space 17472K,  99% used [0x0d880000, 0x0e98fff8, 0x0e990000)
  to   space 17472K,   0% used [0x0e990000, 0x0e990000, 0x0faa0000)
 tenured generation   total 349568K, used 349567K [0x0faa0000, 0x25000000, 0x25000000)
   the space 349568K,  99% used [0x0faa0000, 0x24fffff8, 0x25000000, 0x25000000)
 Metaspace       used 18793K, capacity 19255K, committed 19456K, reserved 19840K
Event: 384513.243 GC heap after
Heap after GC invocations=200382 (full 119862):
 def new generation   total 157248K, used 157247K [0x05000000, 0x0faa0000, 0x0faa0000)
  eden space 139776K, 100% used [0x05000000, 0x0d880000, 0x0d880000)
  from space 17472K,  99% used [0x0d880000, 0x0e98ff78, 0x0e990000)
  to   space 17472K,   0% used [0x0e990000, 0x0e990000, 0x0faa0000)
 tenured generation   total 349568K, used 349567K [0x0faa0000, 0x25000000, 0x25000000)
   the space 349568K,  99% used [0x0faa0000, 0x24fffff8, 0x25000000, 0x25000000)
 Metaspace       used 18793K, capacity 19255K, committed 19456K, reserved 19840K
}
Event: 384513.243 GC heap before
{Heap before GC invocations=200382 (full 119862):
 def new generation   total 157248K, used 157247K [0x05000000, 0x0faa0000, 0x0faa0000)
  eden space 139776K, 100% used [0x05000000, 0x0d880000, 0x0d880000)
  from space 17472K,  99% used [0x0d880000, 0x0e98fff8, 0x0e990000)
  to   space 17472K,   0% used [0x0e990000, 0x0e990000, 0x0faa0000)
 tenured generation   total 349568K, used 349567K [0x0faa0000, 0x25000000, 0x25000000)
   the space 349568K,  99% used [0x0faa0000, 0x24fffff8, 0x25000000, 0x25000000)
 Metaspace       used 18793K, capacity 19255K, committed 19456K, reserved 19840K
Event: 384513.818 GC heap after
Heap after GC invocations=200383 (full 119863):
 def new generation   total 157248K, used 157247K [0x05000000, 0x0faa0000, 0x0faa0000)
  eden space 139776K, 100% used [0x05000000, 0x0d880000, 0x0d880000)
  from space 17472K,  99% used [0x0d880000, 0x0e98fff8, 0x0e990000)
  to   space 17472K,   0% used [0x0e990000, 0x0e990000, 0x0faa0000)
 tenured generation   total 349568K, used 349567K [0x0faa0000, 0x25000000, 0x25000000)
   the space 349568K,  99% used [0x0faa0000, 0x24fffff8, 0x25000000, 0x25000000)
 Metaspace       used 18793K, capacity 19255K, committed 19456K, reserved 19840K
}
Event: 384513.818 GC heap before
{Heap before GC invocations=200383 (full 119863):
 def new generation   total 157248K, used 157247K [0x05000000, 0x0faa0000, 0x0faa0000)
  eden space 139776K, 100% used [0x05000000, 0x0d880000, 0x0d880000)
  from space 17472K,  99% used [0x0d880000, 0x0e98fff8, 0x0e990000)
  to   space 17472K,   0% used [0x0e990000, 0x0e990000, 0x0faa0000)
 tenured generation   total 349568K, used 349567K [0x0faa0000, 0x25000000, 0x25000000)
   the space 349568K,  99% used [0x0faa0000, 0x24fffff8, 0x25000000, 0x25000000)
 Metaspace       used 18793K, capacity 19255K, committed 19456K, reserved 19840K
Event: 384514.389 GC heap after
Heap after GC invocations=200384 (full 119864):
 def new generation   total 157248K, used 157247K [0x05000000, 0x0faa0000, 0x0faa0000)
  eden space 139776K, 100% used [0x05000000, 0x0d880000, 0x0d880000)
  from space 17472K,  99% used [0x0d880000, 0x0e98fff8, 0x0e990000)
  to   space 17472K,   0% used [0x0e990000, 0x0e990000, 0x0faa0000)
 tenured generation   total 349568K, used 349567K [0x0faa0000, 0x25000000, 0x25000000)
   the space 349568K,  99% used [0x0faa0000, 0x24fffff8, 0x25000000, 0x25000000)
 Metaspace       used 18793K, capacity 19255K, committed 19456K, reserved 19840K
}

Deoptimization events (0 events):
No events

Internal exceptions (10 events):
Event: 384492.368 Thread 0x28bc3000 Exception <a 'java/lang/OutOfMemoryError'> (0x0fafa5d0) thrown at [C:\re\workspace\8-2-build-windows-i586-cygwin\jdk8u111\7883\hotspot\src\share\vm\prims\jvm.cpp, line 1390]
Event: 384496.396 Thread 0x28656000 Exception <a 'java/lang/OutOfMemoryError'> (0x0fafa5d0) thrown at [C:\re\workspace\8-2-build-windows-i586-cygwin\jdk8u111\7883\hotspot\src\share\vm\gc_interface/collectedHeap.inline.hpp, line 159]
Event: 384496.965 Thread 0x28656000 Exception <a 'java/lang/OutOfMemoryError'> (0x0fafa5d0) thrown at [C:\re\workspace\8-2-build-windows-i586-cygwin\jdk8u111\7883\hotspot\src\share\vm\prims\jvm.cpp, line 1390]
Event: 384498.224 Thread 0x28656000 Exception <a 'java/lang/OutOfMemoryError'> (0x0fafa5d0) thrown at [C:\re\workspace\8-2-build-windows-i586-cygwin\jdk8u111\7883\hotspot\src\share\vm\prims\jvm.cpp, line 1390]
Event: 384501.081 Thread 0x28bc1000 Exception <a 'java/lang/OutOfMemoryError'> (0x0fafa5d0) thrown at [C:\re\workspace\8-2-build-windows-i586-cygwin\jdk8u111\7883\hotspot\src\share\vm\gc_interface/collectedHeap.inline.hpp, line 159]
Event: 384501.081 Thread 0x28bc1000 Exception <a 'java/io/IOException'> (0x0d87ffa8) thrown at [C:\re\workspace\8-2-build-windows-i586-cygwin\jdk8u111\7883\hotspot\src\share\vm\prims\jni.cpp, line 709]
Event: 384502.230 Thread 0x28656000 Exception <a 'java/lang/OutOfMemoryError'> (0x0fafa5d0) thrown at [C:\re\workspace\8-2-build-windows-i586-cygwin\jdk8u111\7883\hotspot\src\share\vm\gc_interface/collectedHeap.inline.hpp, line 159]
Event: 384503.491 Thread 0x28bc1c00 Exception <a 'java/lang/OutOfMemoryError'> (0x0fafa5d0) thrown at [C:\re\workspace\8-2-build-windows-i586-cygwin\jdk8u111\7883\hotspot\src\share\vm\gc_interface/collectedHeap.inline.hpp, line 159]
Event: 384510.956 Thread 0x28bc1000 Exception <a 'java/lang/OutOfMemoryError'> (0x0fafa5d0) thrown at [C:\re\workspace\8-2-build-windows-i586-cygwin\jdk8u111\7883\hotspot\src\share\vm\gc_interface/collectedHeap.inline.hpp, line 159]
Event: 384514.389 Thread 0x28bc0400 Exception <a 'java/lang/OutOfMemoryError'> (0x0fafa5d0) thrown at [C:\re\workspace\8-2-build-windows-i586-cygwin\jdk8u111\7883\hotspot\src\share\vm\gc_interface/collectedHeap.inline.hpp, line 159]

Events (10 events):
Event: 384511.528 Thread 0x28bc1000 Thread exited: 0x28bc1000
Event: 384511.528 Executing VM operation: GenCollectForAllocation
Event: 384512.101 Executing VM operation: GenCollectForAllocation done
Event: 384512.101 Executing VM operation: GenCollectForAllocation
Event: 384512.675 Executing VM operation: GenCollectForAllocation done
Event: 384512.675 Executing VM operation: GenCollectForAllocation
Event: 384513.243 Executing VM operation: GenCollectForAllocation done
Event: 384513.243 Executing VM operation: GenCollectForAllocation
Event: 384514.389 Executing VM operation: GenCollectForAllocation done
Event: 384514.389 Executing VM operation: GenCollectForAllocation


Dynamic libraries:
0x00920000 - 0x00953000 	C:\Program Files (x86)\Arduino\java\bin\javaw.exe
0x76fa0000 - 0x77130000 	C:\WINDOWS\SYSTEM32\ntdll.dll
0x73df0000 - 0x73ed0000 	C:\WINDOWS\System32\KERNEL32.DLL
0x74f30000 - 0x75114000 	C:\WINDOWS\System32\KERNELBASE.dll
0x737d0000 - 0x7384b000 	C:\WINDOWS\System32\SYSFER.DLL
0x740c0000 - 0x74138000 	C:\WINDOWS\System32\ADVAPI32.dll
0x74140000 - 0x741ff000 	C:\WINDOWS\System32\msvcrt.dll
0x76640000 - 0x76684000 	C:\WINDOWS\System32\sechost.dll
0x73c40000 - 0x73d00000 	C:\WINDOWS\System32\RPCRT4.dll
0x73860000 - 0x73880000 	C:\WINDOWS\System32\SspiCli.dll
0x73850000 - 0x7385a000 	C:\WINDOWS\System32\CRYPTBASE.dll
0x74ad0000 - 0x74b28000 	C:\WINDOWS\System32\bcryptPrimitives.dll
0x73ed0000 - 0x7405d000 	C:\WINDOWS\System32\USER32.dll
0x752d0000 - 0x752e7000 	C:\WINDOWS\System32\win32u.dll
0x73ac0000 - 0x73ae2000 	C:\WINDOWS\System32\GDI32.dll
0x738d0000 - 0x73a34000 	C:\WINDOWS\System32\gdi32full.dll
0x73a40000 - 0x73abd000 	C:\WINDOWS\System32\msvcp_win.dll
0x74e10000 - 0x74f2e000 	C:\WINDOWS\System32\ucrtbase.dll
0x703d0000 - 0x705d4000 	C:\WINDOWS\WinSxS\x86_microsoft.windows.common-controls_6595b64144ccf1df_6.0.17134.590_none_42ead2d644e6098e\COMCTL32.dll
0x74ba0000 - 0x74dfc000 	C:\WINDOWS\System32\combase.dll
0x75120000 - 0x75146000 	C:\WINDOWS\System32\IMM32.DLL
0x69b30000 - 0x69bef000 	C:\Program Files (x86)\Arduino\java\bin\msvcr100.dll
0x68db0000 - 0x6917d000 	C:\Program Files (x86)\Arduino\java\bin\client\jvm.dll
0x75170000 - 0x75176000 	C:\WINDOWS\System32\PSAPI.DLL
0x6b560000 - 0x6b584000 	C:\WINDOWS\SYSTEM32\WINMM.dll
0x72480000 - 0x72488000 	C:\WINDOWS\SYSTEM32\WSOCK32.dll
0x6e6c0000 - 0x6e6c8000 	C:\WINDOWS\SYSTEM32\VERSION.dll
0x74a60000 - 0x74ac7000 	C:\WINDOWS\System32\WS2_32.dll
0x6b530000 - 0x6b553000 	C:\WINDOWS\SYSTEM32\WINMMBASE.dll
0x75180000 - 0x751b9000 	C:\WINDOWS\System32\cfgmgr32.dll
0x6a5e0000 - 0x6a611000 	C:\Program Files (x86)\Arduino\java\bin\splashscreen.dll
0x6f500000 - 0x6f57c000 	C:\WINDOWS\system32\uxtheme.dll
0x73af0000 - 0x73c33000 	C:\WINDOWS\System32\MSCTF.dll
0x749a0000 - 0x74a36000 	C:\WINDOWS\System32\OLEAUT32.dll
0x6bbe0000 - 0x6bbec000 	C:\Program Files (x86)\Arduino\java\bin\verify.dll
0x6b0d0000 - 0x6b0f1000 	C:\Program Files (x86)\Arduino\java\bin\java.dll
0x6bb00000 - 0x6bb13000 	C:\Program Files (x86)\Arduino\java\bin\zip.dll
0x751c0000 - 0x751cf000 	C:\WINDOWS\System32\kernel.appcore.dll
0x5d870000 - 0x5d8ed000 	C:\WINDOWS\System32\TextInputFramework.dll
0x5d610000 - 0x5d86d000 	C:\WINDOWS\System32\CoreUIComponents.dll
0x76800000 - 0x76888000 	C:\WINDOWS\System32\SHCORE.dll
0x72d30000 - 0x72d59000 	C:\WINDOWS\SYSTEM32\ntmarta.dll
0x5d580000 - 0x5d60b000 	C:\WINDOWS\System32\CoreMessaging.dll
0x69770000 - 0x69846000 	C:\WINDOWS\SYSTEM32\wintypes.dll
0x6d340000 - 0x6d363000 	C:\WINDOWS\system32\dwmapi.dll
0x752f0000 - 0x7663a000 	C:\WINDOWS\System32\SHELL32.dll
0x768f0000 - 0x76eaa000 	C:\WINDOWS\System32\windows.storage.dll
0x74200000 - 0x74245000 	C:\WINDOWS\System32\shlwapi.dll
0x75150000 - 0x75168000 	C:\WINDOWS\System32\profapi.dll
0x73880000 - 0x738c5000 	C:\WINDOWS\System32\powrprof.dll
0x74b30000 - 0x74b38000 	C:\WINDOWS\System32\FLTLIB.DLL
0x61940000 - 0x619b2000 	C:\Program Files (x86)\Arduino\lib\listSerialsj.dll
0x74490000 - 0x748bb000 	C:\WINDOWS\System32\SETUPAPI.dll
0x732a0000 - 0x732b3000 	C:\WINDOWS\SYSTEM32\CRYPTSP.dll
0x73270000 - 0x7329f000 	C:\WINDOWS\system32\rsaenh.dll
0x73250000 - 0x73269000 	C:\WINDOWS\SYSTEM32\bcrypt.dll
0x70d60000 - 0x70d81000 	C:\WINDOWS\SYSTEM32\USERENV.dll
0x69b10000 - 0x69b26000 	C:\Program Files (x86)\Arduino\java\bin\net.dll
0x73430000 - 0x73486000 	C:\WINDOWS\system32\mswsock.dll
0x72dc0000 - 0x72df0000 	C:\WINDOWS\SYSTEM32\IPHLPAPI.DLL
0x74250000 - 0x74257000 	C:\WINDOWS\System32\NSI.dll
0x72c40000 - 0x72c53000 	C:\WINDOWS\SYSTEM32\dhcpcsvc6.DLL
0x72c90000 - 0x72ca4000 	C:\WINDOWS\SYSTEM32\dhcpcsvc.DLL
0x6a590000 - 0x6a59f000 	C:\Program Files (x86)\Arduino\java\bin\nio.dll
0x69af0000 - 0x69b0d000 	C:\Users\sawtell\AppData\Local\Temp\jna-1874191130\jna1790147944869082093.dll
0x751d0000 - 0x752cc000 	C:\WINDOWS\System32\Ole32.dll
0x699a0000 - 0x69ae6000 	C:\Program Files (x86)\Arduino\java\bin\awt.dll
0x6b840000 - 0x6b8dd000 	C:\WINDOWS\SYSTEM32\apphelp.dll
0x69960000 - 0x69999000 	C:\Program Files (x86)\Arduino\java\bin\fontmanager.dll
0x69920000 - 0x69952000 	C:\Program Files (x86)\Arduino\java\bin\t2k.dll
0x72c60000 - 0x72c82000 	C:\WINDOWS\SYSTEM32\DEVOBJ.dll
0x73da0000 - 0x73de7000 	C:\WINDOWS\System32\WINTRUST.dll
0x74e00000 - 0x74e0e000 	C:\WINDOWS\System32\MSASN1.dll
0x74260000 - 0x743f6000 	C:\WINDOWS\System32\CRYPT32.dll
0x72df0000 - 0x72e7e000 	C:\WINDOWS\SYSTEM32\DNSAPI.dll
0x72db0000 - 0x72db8000 	C:\Windows\System32\rasadhlp.dll
0x72d60000 - 0x72daf000 	C:\WINDOWS\System32\fwpuclnt.dll
0x68880000 - 0x688e9000 	C:\Program Files (x86)\Arduino\msvcp100.dll
0x687c0000 - 0x6887e000 	C:\Program Files (x86)\Arduino\msvcr100.dll
0x27a60000 - 0x27a92000 	C:\Program Files (x86)\Arduino\lib\AStylej.dll
0x68790000 - 0x687b4000 	C:\Program Files (x86)\Arduino\java\bin\dcpr.dll
0x74400000 - 0x74483000 	C:\WINDOWS\System32\clbcatq.dll
0x6b100000 - 0x6b271000 	C:\WINDOWS\SYSTEM32\WindowsCodecs.dll
0x6b050000 - 0x6b09f000 	C:\WINDOWS\system32\dataexchange.dll
0x6ac30000 - 0x6ae82000 	C:\WINDOWS\system32\d3d11.dll
0x6ae90000 - 0x6afcc000 	C:\WINDOWS\system32\dcomp.dll
0x6ab90000 - 0x6ac28000 	C:\WINDOWS\system32\dxgi.dll
0x6a410000 - 0x6a575000 	C:\WINDOWS\system32\twinapi.appcore.dll
0x6a3e0000 - 0x6a401000 	C:\WINDOWS\system32\RMCLIENT.dll
0x64000000 - 0x6401b000 	C:\Users\sawtell\.jssc\windows\jSSC-2.8_x86.dll
0x694b0000 - 0x69632000 	C:\WINDOWS\SYSTEM32\dbghelp.dll

VM Arguments:
jvm_args: -Dsun.java2d.d3d=false -Djna.nosys=true -DAPP_DIR=C:\Program Files (x86)\Arduino -Xms128M -Xmx512M 
java_command: processing.app.Base C:\Users\sawtell\Desktop\github\obstacleRig\arduino\obstacleControl9\obstacleControl9.ino
java_class_path (initial): C:\Program Files (x86)\Arduino\lib\apple.jar;C:\Program Files (x86)\Arduino\lib\arduino-core.jar;C:\Program Files (x86)\Arduino\lib\batik-1.8.jar;C:\Program Files (x86)\Arduino\lib\batik-anim-1.8.jar;C:\Program Files (x86)\Arduino\lib\batik-awt-util-1.8.jar;C:\Program Files (x86)\Arduino\lib\batik-bridge-1.8.jar;C:\Program Files (x86)\Arduino\lib\batik-codec-1.8.jar;C:\Program Files (x86)\Arduino\lib\batik-css-1.8.jar;C:\Program Files (x86)\Arduino\lib\batik-dom-1.8.jar;C:\Program Files (x86)\Arduino\lib\batik-ext-1.8.jar;C:\Program Files (x86)\Arduino\lib\batik-gvt-1.8.jar;C:\Program Files (x86)\Arduino\lib\batik-parser-1.8.jar;C:\Program Files (x86)\Arduino\lib\batik-rasterizer-1.8.jar;C:\Program Files (x86)\Arduino\lib\batik-script-1.8.jar;C:\Program Files (x86)\Arduino\lib\batik-squiggle-1.8.jar;C:\Program Files (x86)\Arduino\lib\batik-svg-dom-1.8.jar;C:\Program Files (x86)\Arduino\lib\batik-svgpp-1.8.jar;C:\Program Files (x86)\Arduino\lib\batik-transcoder-1.8.jar;C:\Program Files (x86)\Arduino\lib\batik-util-1.8.jar;C:\Program Files (x86)\Arduino\lib\batik-xml-1.8.jar;C:\Program Files (x86)\Arduino\lib\bcpg-jdk15on-152.jar;C:\Program Files (x86)\Arduino\lib\bcprov-jdk15on-152.jar;C:\Program Files (x86)\Arduino\lib\commons-codec-1.7.jar;C:\Program Files (x86)\Arduino\lib\commons-compress-1.8.jar;C:\Program Files (x86)\Arduino\lib\commons-exec-1.1.jar;C:\Program Files (x86)\Arduino\lib\commons-httpclient-3.1.jar;C:\Program Files (x86)\Arduino\lib\commons-lang3-3.3.2.jar;C:\Program Files (x86)\Arduino\lib\commons-logging-1.0.4.jar;C:\Program Files (x86)\Arduino\lib\commons-net-3.3.jar;C:\Program Files (x86)\Arduino\lib\jackson-annotations-2.6.3.jar;C:\Program Files (x86)\Arduino\lib\jackson-core-2.6.3.jar;C:\Program Files (x86)\Arduino\lib\jackson-databind-2.6.3.jar;C:\Program Files (x86)\Arduino\lib\jackson-module-mrbean-2.6.3.jar;C:\Program Files (x86)\Arduino\lib\java-semver-0.8.0.jar;C:\Program Files (x86)\Arduino\lib\jmdns-3.4.1.j
Launcher Type: SUN_STANDARD

Environment Variables:
PATH=C:\Program Files (x86)\Intel\iCLS Client\;C:\Program Files\Intel\iCLS Client\;C:\WINDOWS\system32;C:\WINDOWS;C:\WINDOWS\System32\Wbem;C:\WINDOWS\System32\WindowsPowerShell\v1.0\;c:\Program Files (x86)\ATI Technologies\ATI.ACE\Core-Static;C:\Program Files (x86)\Intel\Intel(R) Management Engine Components\DAL;C:\Program Files\Intel\Intel(R) Management Engine Components\DAL;C:\Program Files (x86)\Intel\Intel(R) Management Engine Components\IPT;C:\Program Files\Intel\Intel(R) Management Engine Components\IPT;C:\Program Files\MATLAB\R2016b\runtime\win64;C:\Program Files\MATLAB\R2016b\bin;C:\Users\sawtell\ffmpeg\bin;C:\Program Files\Git\cmd;C:\Program Files\Point Grey Research\FlyCap2 Viewer\bin64;%FC2PATH\vs2013;C:\Program Files\Point Grey Research\FlyCap2 Viewer\bin64\vs2015;C:\WINDOWS\System32\OpenSSH\;C:\Users\sawtell\AppData\Local\Microsoft\WindowsApps; C:\Users\sawtell\ffmpeg\bin;;C:\Program Files (x86)\Microsoft VS Code\bin;C:\Program Files (x86)\Arduino\java\bin
USERNAME=sawtell
OS=Windows_NT
PROCESSOR_IDENTIFIER=Intel64 Family 6 Model 94 Stepping 3, GenuineIntel



---------------  S Y S T E M  ---------------

OS: Windows 10.0 , 64 bit Build 17134 (10.0.17134.556)

CPU:total 8 (4 cores per cpu, 2 threads per core) family 6 model 94 stepping 3, cmov, cx8, fxsr, mmx, sse, sse2, sse3, ssse3, sse4.1, sse4.2, popcnt, avx, avx2, aes, clmul, erms, rtm, 3dnowpref, lzcnt, ht, tsc, tscinvbit, bmi1, bmi2, adx

Memory: 4k page, physical 16673160k(12321024k free), swap 33450376k(27925504k free)

vm_info: Java HotSpot(TM) Client VM (25.111-b14) for windows-x86 JRE (1.8.0_111-b14), built on Sep 22 2016 18:54:33 by "java_re" with MS VC++ 10.0 (VS2010)

time: Fri Mar 01 20:40:50 2019
elapsed time: 384514 seconds (4d 10h 48m 34s)

