#
# A fatal error has been detected by the Java Runtime Environment:
#
#  EXCEPTION_ACCESS_VIOLATION (0xc0000005) at pc=0x58f278d8, pid=7980, tid=0x0000217c
#
# JRE version: Java(TM) SE Runtime Environment (8.0_111-b14) (build 1.8.0_111-b14)
# Java VM: Java HotSpot(TM) Client VM (25.111-b14 mixed mode windows-x86 )
# Problematic frame:
# V  [jvm.dll+0xe78d8]
#
# Failed to write core dump. Minidumps are not enabled by default on client versions of Windows
#
# If you would like to submit a bug report, please visit:
#   http://bugreport.java.com/bugreport/crash.jsp
#

---------------  T H R E A D  ---------------

Current thread (0x27d85000):  JavaThread "cc.arduino.packages.discoverers.serial.SerialBoardsLister" [_thread_in_vm, id=8572, stack(0x046c0000,0x04710000)]

siginfo: ExceptionCode=0xc0000005, reading address 0x00000000

Registers:
EAX=0x00000000, EBX=0x00000000, ECX=0x27d85000, EDX=0x0000009f
ESP=0x0470ee3c, EBP=0x0470ee68, ESI=0x00000000, EDI=0x27d85000
EIP=0x58f278d8, EFLAGS=0x00010246

Top of Stack: (sp=0x0470ee3c)
0x0470ee3c:   0470efa4 27ca6e98 58f27870 27d85000
0x0470ee4c:   262ba5ac 0000009f 59121020 27d85000
0x0470ee5c:   262ba5ac 0000009f c1217f47 0470efc8
0x0470ee6c:   61941872 27d85140 00000000 00000000
0x0470ee7c:   00000000 00000000 00000000 0470eebb
0x0470ee8c:   0470eea8 58eeabf7 249a9130 58efacc2
0x0470ee9c:   0f29fc30 00000006 314d4f43 30305f32
0x0470eeac:   305f3030 00303030 00000000 00000000 

Instructions: (pc=0x58f278d8)
0x58f278b8:   e8 73 fb f1 ff 83 c4 08 83 7f 04 00 89 7d e0 c7
0x58f278c8:   45 e4 00 00 00 00 74 08 8d 4d e0 e8 68 04 0c 00
0x58f278d8:   8b 1b 85 f6 74 02 8b 36 8b 45 10 85 c0 0f 88 ea
0x58f278e8:   00 00 00 3b 43 08 0f 8d e1 00 00 00 85 f6 0f 84 


Register to memory mapping:

EAX=0x00000000 is an unknown value
EBX=0x00000000 is an unknown value
ECX=0x27d85000 is a thread
EDX=0x0000009f is an unknown value
ESP=0x0470ee3c is pointing into the stack for thread: 0x27d85000
EBP=0x0470ee68 is pointing into the stack for thread: 0x27d85000
ESI=0x00000000 is an unknown value
EDI=0x27d85000 is a thread


Stack: [0x046c0000,0x04710000],  sp=0x0470ee3c,  free space=315k
Native frames: (J=compiled Java code, j=interpreted, Vv=VM code, C=native code)
V  [jvm.dll+0xe78d8]
C  [listSerialsj.dll+0x1872]
j  processing.app.Platform.listSerialsNative()[Ljava/lang/String;+0
J 3017 C1 cc.arduino.packages.discoverers.serial.SerialBoardsLister.retriggerDiscovery(Z)V (751 bytes) @ 0x026cdfa4 [0x026cde50+0x154]
j  cc.arduino.packages.discoverers.serial.SerialBoardsLister.run()V+9
J 2387% C1 java.util.TimerThread.mainLoop()V (232 bytes) @ 0x026bfad4 [0x026bf6a0+0x434]
j  java.util.TimerThread.run()V+1
v  ~StubRoutines::call_stub
V  [jvm.dll+0x15a895]
V  [jvm.dll+0x220bfe]
V  [jvm.dll+0x15a92e]
V  [jvm.dll+0x15aab6]
V  [jvm.dll+0x15ab27]
V  [jvm.dll+0xfef8f]
V  [jvm.dll+0x17d6f0]
V  [jvm.dll+0x17df6a]
V  [jvm.dll+0x1c29c6]
C  [msvcr100.dll+0x5c556]
C  [msvcr100.dll+0x5c600]
C  [KERNEL32.DLL+0x18494]
C  [ntdll.dll+0x641c8]
C  [ntdll.dll+0x64198]
C  0x00000000

Java frames: (J=compiled Java code, j=interpreted, Vv=VM code)
j  processing.app.Platform.listSerialsNative()[Ljava/lang/String;+0
J 3017 C1 cc.arduino.packages.discoverers.serial.SerialBoardsLister.retriggerDiscovery(Z)V (751 bytes) @ 0x026cdfa4 [0x026cde50+0x154]
j  cc.arduino.packages.discoverers.serial.SerialBoardsLister.run()V+9
J 2387% C1 java.util.TimerThread.mainLoop()V (232 bytes) @ 0x026bfad4 [0x026bf6a0+0x434]
j  java.util.TimerThread.run()V+1
v  ~StubRoutines::call_stub

---------------  P R O C E S S  ---------------

Java Threads: ( => current thread )
  0x28342c00 JavaThread "JmDNS(129-236-162-197.local.).State.Timer" [_thread_blocked, id=11524, stack(0x26e30000,0x26e80000)]
  0x28342000 JavaThread "JmDNS(129-236-162-197.local.).Timer" daemon [_thread_blocked, id=14192, stack(0x26b90000,0x26be0000)]
  0x28347c00 JavaThread "JmDNS(fe80:0:0:0:bb:5ffc:fa4:edf1%eth1.local.).State.Timer" [_thread_blocked, id=13748, stack(0x02210000,0x02260000)]
  0x28344c00 JavaThread "JmDNS(fe80:0:0:0:bb:5ffc:fa4:edf1%eth1.local.).Timer" daemon [_thread_blocked, id=1780, stack(0x020a0000,0x020f0000)]
  0x28344000 JavaThread "DestroyJavaVM" [_thread_blocked, id=13504, stack(0x022d0000,0x02320000)]
  0x28341400 JavaThread "TimerQueue" daemon [_thread_blocked, id=13008, stack(0x29ce0000,0x29d30000)]
  0x27deb000 JavaThread "Batik CleanerThread" daemon [_thread_blocked, id=15136, stack(0x27680000,0x276d0000)]
  0x27dea800 JavaThread "AWT-EventQueue-0" [_thread_blocked, id=13196, stack(0x27480000,0x274d0000)]
  0x27dea400 JavaThread "AWT-Shutdown" [_thread_blocked, id=14712, stack(0x273f0000,0x27440000)]
=>0x27d85000 JavaThread "cc.arduino.packages.discoverers.serial.SerialBoardsLister" [_thread_in_vm, id=8572, stack(0x046c0000,0x04710000)]
  0x262bb800 JavaThread "AWT-Windows" daemon [_thread_in_native, id=1420, stack(0x267a0000,0x267f0000)]
  0x262ba000 JavaThread "Java2D Disposer" daemon [_thread_blocked, id=10356, stack(0x26680000,0x266d0000)]
  0x25ac7400 JavaThread "Service Thread" daemon [_thread_blocked, id=13252, stack(0x25f70000,0x25fc0000)]
  0x25acb400 JavaThread "C1 CompilerThread0" daemon [_thread_blocked, id=10860, stack(0x25ee0000,0x25f30000)]
  0x25aca000 JavaThread "Attach Listener" daemon [_thread_blocked, id=10276, stack(0x25e50000,0x25ea0000)]
  0x25ac8000 JavaThread "Signal Dispatcher" daemon [_thread_blocked, id=1152, stack(0x25dc0000,0x25e10000)]
  0x25aaa400 JavaThread "Finalizer" daemon [_thread_blocked, id=10984, stack(0x24ed0000,0x24f20000)]
  0x25a94800 JavaThread "Reference Handler" daemon [_thread_blocked, id=14752, stack(0x24e40000,0x24e90000)]

Other Threads:
  0x0242dc00 VMThread [stack: 0x24db0000,0x24e00000] [id=3028]
  0x25ac5800 WatcherThread [stack: 0x26000000,0x26050000] [id=14196]

VM state:synchronizing (normal execution)

VM Mutex/Monitor currently owned by a thread:  ([mutex/lock_event])
[0x021cd2c8] Threads_lock - owner thread: 0x0242dc00
[0x021cc3c0] Heap_lock - owner thread: 0x28341400

Heap:
 def new generation   total 157248K, used 157247K [0x04800000, 0x0f2a0000, 0x0f2a0000)
  eden space 139776K, 100% used [0x04800000, 0x0d080000, 0x0d080000)
  from space 17472K,  99% used [0x0e190000, 0x0f29fff0, 0x0f2a0000)
  to   space 17472K,   0% used [0x0d080000, 0x0d080000, 0x0e190000)
 tenured generation   total 349568K, used 349568K [0x0f2a0000, 0x24800000, 0x24800000)
   the space 349568K, 100% used [0x0f2a0000, 0x24800000, 0x24800000, 0x24800000)
 Metaspace       used 18842K, capacity 19294K, committed 19584K, reserved 19840K

Card table byte_map: [0x24800000,0x24910000] byte_map_base: 0x247dc000

Polling page: 0x02320000

CodeCache: size=32768Kb used=2061Kb max_used=4042Kb free=30706Kb
 bounds [0x025e0000, 0x029d8000, 0x045e0000]
 total_blobs=1130 nmethods=855 adapters=204
 compilation: enabled

Compilation events (10 events):
Event: 128406.670 Thread 0x25acb400 nmethod 3042 0x027a5e08 code [0x027a5f00, 0x027a5fb0]
Event: 128406.670 Thread 0x25acb400 3043             java.lang.Character::isWhitespace (5 bytes)
Event: 128407.174 Thread 0x25acb400 nmethod 3043 0x027ebb08 code [0x027ebc10, 0x027ebcb8]
Event: 128407.174 Thread 0x25acb400 3044             java.lang.Character::isWhitespace (9 bytes)
Event: 128407.832 Thread 0x25acb400 nmethod 3044 0x027ffec8 code [0x027fffd0, 0x02800078]
Event: 128408.343 Thread 0x25acb400 3045             java.lang.CharacterDataLatin1::isWhitespace (23 bytes)
Event: 128408.343 Thread 0x25acb400 nmethod 3045 0x027eafc8 code [0x027eb0c0, 0x027eb180]
Event: 128409.886 Thread 0x25acb400 3046             javax.swing.text.AbstractDocument$AbstractElement::getAttribute (50 bytes)
Event: 128410.898 Thread 0x25acb400 nmethod 3046 0x027ffbc8 code [0x027ffce0, 0x027ffdf8]
Event: 128412.434 Thread 0x25acb400 3047   !         javax.swing.text.GlyphView::checkPainter (115 bytes)

GC Heap History (10 events):
Event: 128414.465 GC heap before
{Heap before GC invocations=69765 (full 2517):
 def new generation   total 157248K, used 157247K [0x04800000, 0x0f2a0000, 0x0f2a0000)
  eden space 139776K, 100% used [0x04800000, 0x0d080000, 0x0d080000)
  from space 17472K,  99% used [0x0e190000, 0x0f29ffc8, 0x0f2a0000)
  to   space 17472K,   0% used [0x0d080000, 0x0d080000, 0x0e190000)
 tenured generation   total 349568K, used 349568K [0x0f2a0000, 0x24800000, 0x24800000)
   the space 349568K, 100% used [0x0f2a0000, 0x24800000, 0x24800000, 0x24800000)
 Metaspace       used 18842K, capacity 19294K, committed 19584K, reserved 19840K
Event: 128414.985 GC heap after
Heap after GC invocations=69766 (full 2518):
 def new generation   total 157248K, used 157247K [0x04800000, 0x0f2a0000, 0x0f2a0000)
  eden space 139776K, 100% used [0x04800000, 0x0d080000, 0x0d080000)
  from space 17472K,  99% used [0x0e190000, 0x0f29ffc8, 0x0f2a0000)
  to   space 17472K,   0% used [0x0d080000, 0x0d080000, 0x0e190000)
 tenured generation   total 349568K, used 349568K [0x0f2a0000, 0x24800000, 0x24800000)
   the space 349568K, 100% used [0x0f2a0000, 0x24800000, 0x24800000, 0x24800000)
 Metaspace       used 18842K, capacity 19294K, committed 19584K, reserved 19840K
}
Event: 128414.985 GC heap before
{Heap before GC invocations=69766 (full 2518):
 def new generation   total 157248K, used 157247K [0x04800000, 0x0f2a0000, 0x0f2a0000)
  eden space 139776K, 100% used [0x04800000, 0x0d080000, 0x0d080000)
  from space 17472K,  99% used [0x0e190000, 0x0f29ffe0, 0x0f2a0000)
  to   space 17472K,   0% used [0x0d080000, 0x0d080000, 0x0e190000)
 tenured generation   total 349568K, used 349568K [0x0f2a0000, 0x24800000, 0x24800000)
   the space 349568K, 100% used [0x0f2a0000, 0x24800000, 0x24800000, 0x24800000)
 Metaspace       used 18842K, capacity 19294K, committed 19584K, reserved 19840K
Event: 128415.480 GC heap after
Heap after GC invocations=69767 (full 2519):
 def new generation   total 157248K, used 157247K [0x04800000, 0x0f2a0000, 0x0f2a0000)
  eden space 139776K, 100% used [0x04800000, 0x0d080000, 0x0d080000)
  from space 17472K,  99% used [0x0e190000, 0x0f29ffe0, 0x0f2a0000)
  to   space 17472K,   0% used [0x0d080000, 0x0d080000, 0x0e190000)
 tenured generation   total 349568K, used 349568K [0x0f2a0000, 0x24800000, 0x24800000)
   the space 349568K, 100% used [0x0f2a0000, 0x24800000, 0x24800000, 0x24800000)
 Metaspace       used 18842K, capacity 19294K, committed 19584K, reserved 19840K
}
Event: 128415.480 GC heap before
{Heap before GC invocations=69767 (full 2519):
 def new generation   total 157248K, used 157247K [0x04800000, 0x0f2a0000, 0x0f2a0000)
  eden space 139776K, 100% used [0x04800000, 0x0d080000, 0x0d080000)
  from space 17472K,  99% used [0x0e190000, 0x0f29ffe0, 0x0f2a0000)
  to   space 17472K,   0% used [0x0d080000, 0x0d080000, 0x0e190000)
 tenured generation   total 349568K, used 349568K [0x0f2a0000, 0x24800000, 0x24800000)
   the space 349568K, 100% used [0x0f2a0000, 0x24800000, 0x24800000, 0x24800000)
 Metaspace       used 18842K, capacity 19294K, committed 19584K, reserved 19840K
Event: 128415.983 GC heap after
Heap after GC invocations=69768 (full 2520):
 def new generation   total 157248K, used 157247K [0x04800000, 0x0f2a0000, 0x0f2a0000)
  eden space 139776K, 100% used [0x04800000, 0x0d080000, 0x0d080000)
  from space 17472K,  99% used [0x0e190000, 0x0f29ffe0, 0x0f2a0000)
  to   space 17472K,   0% used [0x0d080000, 0x0d080000, 0x0e190000)
 tenured generation   total 349568K, used 349568K [0x0f2a0000, 0x24800000, 0x24800000)
   the space 349568K, 100% used [0x0f2a0000, 0x24800000, 0x24800000, 0x24800000)
 Metaspace       used 18842K, capacity 19294K, committed 19584K, reserved 19840K
}
Event: 128415.984 GC heap before
{Heap before GC invocations=69768 (full 2520):
 def new generation   total 157248K, used 157247K [0x04800000, 0x0f2a0000, 0x0f2a0000)
  eden space 139776K, 100% used [0x04800000, 0x0d080000, 0x0d080000)
  from space 17472K,  99% used [0x0e190000, 0x0f29fff0, 0x0f2a0000)
  to   space 17472K,   0% used [0x0d080000, 0x0d080000, 0x0e190000)
 tenured generation   total 349568K, used 349568K [0x0f2a0000, 0x24800000, 0x24800000)
   the space 349568K, 100% used [0x0f2a0000, 0x24800000, 0x24800000, 0x24800000)
 Metaspace       used 18842K, capacity 19294K, committed 19584K, reserved 19840K
Event: 128416.481 GC heap after
Heap after GC invocations=69769 (full 2521):
 def new generation   total 157248K, used 157247K [0x04800000, 0x0f2a0000, 0x0f2a0000)
  eden space 139776K, 100% used [0x04800000, 0x0d080000, 0x0d080000)
  from space 17472K,  99% used [0x0e190000, 0x0f29fff0, 0x0f2a0000)
  to   space 17472K,   0% used [0x0d080000, 0x0d080000, 0x0e190000)
 tenured generation   total 349568K, used 349568K [0x0f2a0000, 0x24800000, 0x24800000)
   the space 349568K, 100% used [0x0f2a0000, 0x24800000, 0x24800000, 0x24800000)
 Metaspace       used 18842K, capacity 19294K, committed 19584K, reserved 19840K
}
Event: 128416.481 GC heap before
{Heap before GC invocations=69769 (full 2521):
 def new generation   total 157248K, used 157247K [0x04800000, 0x0f2a0000, 0x0f2a0000)
  eden space 139776K, 100% used [0x04800000, 0x0d080000, 0x0d080000)
  from space 17472K,  99% used [0x0e190000, 0x0f29fff0, 0x0f2a0000)
  to   space 17472K,   0% used [0x0d080000, 0x0d080000, 0x0e190000)
 tenured generation   total 349568K, used 349568K [0x0f2a0000, 0x24800000, 0x24800000)
   the space 349568K, 100% used [0x0f2a0000, 0x24800000, 0x24800000, 0x24800000)
 Metaspace       used 18842K, capacity 19294K, committed 19584K, reserved 19840K
Event: 128416.996 GC heap after
Heap after GC invocations=69770 (full 2522):
 def new generation   total 157248K, used 157247K [0x04800000, 0x0f2a0000, 0x0f2a0000)
  eden space 139776K, 100% used [0x04800000, 0x0d080000, 0x0d080000)
  from space 17472K,  99% used [0x0e190000, 0x0f29fff0, 0x0f2a0000)
  to   space 17472K,   0% used [0x0d080000, 0x0d080000, 0x0e190000)
 tenured generation   total 349568K, used 349568K [0x0f2a0000, 0x24800000, 0x24800000)
   the space 349568K, 100% used [0x0f2a0000, 0x24800000, 0x24800000, 0x24800000)
 Metaspace       used 18842K, capacity 19294K, committed 19584K, reserved 19840K
}

Deoptimization events (0 events):
No events

Internal exceptions (10 events):
Event: 128391.690 Thread 0x28347800 Exception <a 'java/io/IOException'> (0x0f29ef58) thrown at [C:\re\workspace\8-2-build-windows-i586-cygwin\jdk8u111\7883\hotspot\src\share\vm\prims\jni.cpp, line 709]
Event: 128391.690 Thread 0x28347800 Exception <a 'java/io/IOException'> (0x0f29f6a8) thrown at [C:\re\workspace\8-2-build-windows-i586-cygwin\jdk8u111\7883\hotspot\src\share\vm\prims\jni.cpp, line 709]
Event: 128391.690 Thread 0x28347800 Exception <a 'java/io/IOException'> (0x0f29fa28) thrown at [C:\re\workspace\8-2-build-windows-i586-cygwin\jdk8u111\7883\hotspot\src\share\vm\prims\jni.cpp, line 709]
Event: 128391.690 Thread 0x28347800 Exception <a 'java/io/IOException'> (0x0f29fc70) thrown at [C:\re\workspace\8-2-build-windows-i586-cygwin\jdk8u111\7883\hotspot\src\share\vm\prims\jni.cpp, line 709]
Event: 128392.209 Thread 0x28347800 Exception <a 'java/io/IOException'> (0x0f29e8d0) thrown at [C:\re\workspace\8-2-build-windows-i586-cygwin\jdk8u111\7883\hotspot\src\share\vm\prims\jni.cpp, line 709]
Event: 128392.209 Thread 0x28347800 Exception <a 'java/io/IOException'> (0x0f29f0a0) thrown at [C:\re\workspace\8-2-build-windows-i586-cygwin\jdk8u111\7883\hotspot\src\share\vm\prims\jni.cpp, line 709]
Event: 128392.209 Thread 0x28347800 Exception <a 'java/io/IOException'> (0x0f29f428) thrown at [C:\re\workspace\8-2-build-windows-i586-cygwin\jdk8u111\7883\hotspot\src\share\vm\prims\jni.cpp, line 709]
Event: 128414.985 Thread 0x27dea800 Exception <a 'java/lang/OutOfMemoryError'> (0x0f2fa5a8) thrown at [C:\re\workspace\8-2-build-windows-i586-cygwin\jdk8u111\7883\hotspot\src\share\vm\gc_interface/collectedHeap.inline.hpp, line 159]
Event: 128415.983 Thread 0x27d85000 Exception <a 'java/lang/OutOfMemoryError'> (0x0f2fa5a8) thrown at [C:\re\workspace\8-2-build-windows-i586-cygwin\jdk8u111\7883\hotspot\src\share\vm\gc_interface/collectedHeap.inline.hpp, line 159]
Event: 128416.996 Thread 0x27d85000 Exception <a 'java/lang/OutOfMemoryError'> (0x0f2fa5a8) thrown at [C:\re\workspace\8-2-build-windows-i586-cygwin\jdk8u111\7883\hotspot\src\share\vm\gc_interface/collectedHeap.inline.hpp, line 159]

Events (10 events):
Event: 128412.959 Executing VM operation: GenCollectForAllocation done
Event: 128412.959 Executing VM operation: GenCollectForAllocation
Event: 128413.970 Executing VM operation: GenCollectForAllocation done
Event: 128413.971 Executing VM operation: GenCollectForAllocation
Event: 128414.985 Executing VM operation: GenCollectForAllocation done
Event: 128414.985 Executing VM operation: GenCollectForAllocation
Event: 128415.983 Executing VM operation: GenCollectForAllocation done
Event: 128415.984 Executing VM operation: GenCollectForAllocation
Event: 128416.996 Executing VM operation: GenCollectForAllocation done
Event: 128416.996 Executing VM operation: GenCollectForAllocation


Dynamic libraries:
0x00070000 - 0x000a3000 	C:\Program Files (x86)\Arduino\java\bin\javaw.exe
0x77130000 - 0x772c0000 	C:\WINDOWS\SYSTEM32\ntdll.dll
0x75d60000 - 0x75e40000 	C:\WINDOWS\System32\KERNEL32.DLL
0x75e40000 - 0x76024000 	C:\WINDOWS\System32\KERNELBASE.dll
0x73960000 - 0x739db000 	C:\WINDOWS\System32\SYSFER.DLL
0x767e0000 - 0x76858000 	C:\WINDOWS\System32\ADVAPI32.dll
0x73f40000 - 0x73fff000 	C:\WINDOWS\System32\msvcrt.dll
0x74540000 - 0x74584000 	C:\WINDOWS\System32\sechost.dll
0x760d0000 - 0x76190000 	C:\WINDOWS\System32\RPCRT4.dll
0x739f0000 - 0x73a10000 	C:\WINDOWS\System32\SspiCli.dll
0x739e0000 - 0x739ea000 	C:\WINDOWS\System32\CRYPTBASE.dll
0x74230000 - 0x74288000 	C:\WINDOWS\System32\bcryptPrimitives.dll
0x765a0000 - 0x7672d000 	C:\WINDOWS\System32\USER32.dll
0x742a0000 - 0x742b7000 	C:\WINDOWS\System32\win32u.dll
0x76750000 - 0x76772000 	C:\WINDOWS\System32\GDI32.dll
0x76420000 - 0x76584000 	C:\WINDOWS\System32\gdi32full.dll
0x74420000 - 0x7449d000 	C:\WINDOWS\System32\msvcp_win.dll
0x742f0000 - 0x7440d000 	C:\WINDOWS\System32\ucrtbase.dll
0x70940000 - 0x70b44000 	C:\WINDOWS\WinSxS\x86_microsoft.windows.common-controls_6595b64144ccf1df_6.0.17134.706_none_42f0d9a244e0990d\COMCTL32.dll
0x73b60000 - 0x73dbc000 	C:\WINDOWS\System32\combase.dll
0x742c0000 - 0x742e6000 	C:\WINDOWS\System32\IMM32.DLL
0x59210000 - 0x592cf000 	C:\Program Files (x86)\Arduino\java\bin\msvcr100.dll
0x58e40000 - 0x5920d000 	C:\Program Files (x86)\Arduino\java\bin\client\jvm.dll
0x76900000 - 0x76906000 	C:\WINDOWS\System32\PSAPI.DLL
0x72730000 - 0x72738000 	C:\WINDOWS\SYSTEM32\WSOCK32.dll
0x71b20000 - 0x71b28000 	C:\WINDOWS\SYSTEM32\VERSION.dll
0x6b6b0000 - 0x6b6d4000 	C:\WINDOWS\SYSTEM32\WINMM.dll
0x73ed0000 - 0x73f37000 	C:\WINDOWS\System32\WS2_32.dll
0x6b680000 - 0x6b6a3000 	C:\WINDOWS\SYSTEM32\WINMMBASE.dll
0x76870000 - 0x768a9000 	C:\WINDOWS\System32\cfgmgr32.dll
0x6d830000 - 0x6d861000 	C:\Program Files (x86)\Arduino\java\bin\splashscreen.dll
0x71e30000 - 0x71eac000 	C:\WINDOWS\system32\uxtheme.dll
0x70ba0000 - 0x70bac000 	C:\Program Files (x86)\Arduino\java\bin\verify.dll
0x73a10000 - 0x73b53000 	C:\WINDOWS\System32\MSCTF.dll
0x76030000 - 0x760c6000 	C:\WINDOWS\System32\OLEAUT32.dll
0x6d800000 - 0x6d821000 	C:\Program Files (x86)\Arduino\java\bin\java.dll
0x6d220000 - 0x6d233000 	C:\Program Files (x86)\Arduino\java\bin\zip.dll
0x76860000 - 0x7686f000 	C:\WINDOWS\System32\kernel.appcore.dll
0x63fa0000 - 0x6401d000 	C:\WINDOWS\System32\TextInputFramework.dll
0x63cb0000 - 0x63d3b000 	C:\WINDOWS\System32\CoreMessaging.dll
0x63d40000 - 0x63f9d000 	C:\WINDOWS\System32\CoreUIComponents.dll
0x741a0000 - 0x74228000 	C:\WINDOWS\System32\SHCORE.dll
0x72ee0000 - 0x72f09000 	C:\WINDOWS\SYSTEM32\ntmarta.dll
0x655b0000 - 0x65686000 	C:\WINDOWS\SYSTEM32\wintypes.dll
0x71e00000 - 0x71e23000 	C:\WINDOWS\system32\dwmapi.dll
0x74590000 - 0x758da000 	C:\WINDOWS\System32\SHELL32.dll
0x76910000 - 0x76eca000 	C:\WINDOWS\System32\windows.storage.dll
0x75d10000 - 0x75d55000 	C:\WINDOWS\System32\shlwapi.dll
0x76730000 - 0x76748000 	C:\WINDOWS\System32\profapi.dll
0x76190000 - 0x761d5000 	C:\WINDOWS\System32\powrprof.dll
0x76590000 - 0x76598000 	C:\WINDOWS\System32\FLTLIB.DLL
0x61940000 - 0x619b2000 	C:\Program Files (x86)\Arduino\lib\listSerialsj.dll
0x758e0000 - 0x75d0b000 	C:\WINDOWS\System32\SETUPAPI.dll
0x73600000 - 0x73613000 	C:\WINDOWS\SYSTEM32\CRYPTSP.dll
0x735d0000 - 0x735ff000 	C:\WINDOWS\system32\rsaenh.dll
0x735b0000 - 0x735c9000 	C:\WINDOWS\SYSTEM32\bcrypt.dll
0x72190000 - 0x721b1000 	C:\WINDOWS\SYSTEM32\USERENV.dll
0x6d200000 - 0x6d216000 	C:\Program Files (x86)\Arduino\java\bin\net.dll
0x734c0000 - 0x73516000 	C:\WINDOWS\system32\mswsock.dll
0x731a0000 - 0x731d0000 	C:\WINDOWS\SYSTEM32\IPHLPAPI.DLL
0x74410000 - 0x74417000 	C:\WINDOWS\System32\NSI.dll
0x72740000 - 0x72753000 	C:\WINDOWS\SYSTEM32\dhcpcsvc6.DLL
0x72790000 - 0x727a4000 	C:\WINDOWS\SYSTEM32\dhcpcsvc.DLL
0x70b90000 - 0x70b9f000 	C:\Program Files (x86)\Arduino\java\bin\nio.dll
0x6d1e0000 - 0x6d1fd000 	C:\Users\sawtell\AppData\Local\Temp\jna-1874191130\jna2484758859402717688.dll
0x761e0000 - 0x762dc000 	C:\WINDOWS\System32\Ole32.dll
0x58cf0000 - 0x58e36000 	C:\Program Files (x86)\Arduino\java\bin\awt.dll
0x6bb60000 - 0x6bbfd000 	C:\WINDOWS\SYSTEM32\apphelp.dll
0x6be90000 - 0x6bec9000 	C:\Program Files (x86)\Arduino\java\bin\fontmanager.dll
0x653b0000 - 0x653e2000 	C:\Program Files (x86)\Arduino\java\bin\t2k.dll
0x72760000 - 0x72782000 	C:\WINDOWS\SYSTEM32\DEVOBJ.dll
0x768b0000 - 0x768f7000 	C:\WINDOWS\System32\WINTRUST.dll
0x74530000 - 0x7453e000 	C:\WINDOWS\System32\MSASN1.dll
0x74000000 - 0x74196000 	C:\WINDOWS\System32\CRYPT32.dll
0x731d0000 - 0x7325e000 	C:\WINDOWS\SYSTEM32\DNSAPI.dll
0x730e0000 - 0x730e8000 	C:\Windows\System32\rasadhlp.dll
0x73090000 - 0x730df000 	C:\WINDOWS\System32\fwpuclnt.dll
0x58b20000 - 0x58b89000 	C:\Program Files (x86)\Arduino\msvcp100.dll
0x53100000 - 0x531be000 	C:\Program Files (x86)\Arduino\msvcr100.dll
0x274d0000 - 0x27502000 	C:\Program Files (x86)\Arduino\lib\AStylej.dll
0x62ac0000 - 0x62ae4000 	C:\Program Files (x86)\Arduino\java\bin\dcpr.dll
0x73de0000 - 0x73e63000 	C:\WINDOWS\System32\clbcatq.dll
0x6ae80000 - 0x6aff1000 	C:\WINDOWS\SYSTEM32\WindowsCodecs.dll
0x6b710000 - 0x6b75f000 	C:\WINDOWS\system32\dataexchange.dll
0x6ad40000 - 0x6ae7c000 	C:\WINDOWS\system32\dcomp.dll
0x6aae0000 - 0x6ad32000 	C:\WINDOWS\system32\d3d11.dll
0x6aa40000 - 0x6aad8000 	C:\WINDOWS\system32\dxgi.dll
0x6a8d0000 - 0x6aa35000 	C:\WINDOWS\system32\twinapi.appcore.dll
0x6a8a0000 - 0x6a8c1000 	C:\WINDOWS\system32\RMCLIENT.dll
0x6ba10000 - 0x6ba9f000 	C:\WINDOWS\WinSxS\x86_microsoft.windows.common-controls_6595b64144ccf1df_5.82.17134.706_none_40fb64164515a358\comctl32.dll
0x02150000 - 0x0216b000 	C:\Users\sawtell\.jssc\windows\jSSC-2.8_x86.dll
0x52f70000 - 0x530f2000 	C:\WINDOWS\SYSTEM32\dbghelp.dll

VM Arguments:
jvm_args: -Dsun.java2d.d3d=false -Djna.nosys=true -DAPP_DIR=C:\Program Files (x86)\Arduino -Xms128M -Xmx512M 
java_command: processing.app.Base C:\Users\sawtell\Desktop\github\obstacleRig\arduino\obstacleControl9\obstacleControl9.ino
java_class_path (initial): C:\Program Files (x86)\Arduino\lib\apple.jar;C:\Program Files (x86)\Arduino\lib\arduino-core.jar;C:\Program Files (x86)\Arduino\lib\batik-1.8.jar;C:\Program Files (x86)\Arduino\lib\batik-anim-1.8.jar;C:\Program Files (x86)\Arduino\lib\batik-awt-util-1.8.jar;C:\Program Files (x86)\Arduino\lib\batik-bridge-1.8.jar;C:\Program Files (x86)\Arduino\lib\batik-codec-1.8.jar;C:\Program Files (x86)\Arduino\lib\batik-css-1.8.jar;C:\Program Files (x86)\Arduino\lib\batik-dom-1.8.jar;C:\Program Files (x86)\Arduino\lib\batik-ext-1.8.jar;C:\Program Files (x86)\Arduino\lib\batik-gvt-1.8.jar;C:\Program Files (x86)\Arduino\lib\batik-parser-1.8.jar;C:\Program Files (x86)\Arduino\lib\batik-rasterizer-1.8.jar;C:\Program Files (x86)\Arduino\lib\batik-script-1.8.jar;C:\Program Files (x86)\Arduino\lib\batik-squiggle-1.8.jar;C:\Program Files (x86)\Arduino\lib\batik-svg-dom-1.8.jar;C:\Program Files (x86)\Arduino\lib\batik-svgpp-1.8.jar;C:\Program Files (x86)\Arduino\lib\batik-transcoder-1.8.jar;C:\Program Files (x86)\Arduino\lib\batik-util-1.8.jar;C:\Program Files (x86)\Arduino\lib\batik-xml-1.8.jar;C:\Program Files (x86)\Arduino\lib\bcpg-jdk15on-152.jar;C:\Program Files (x86)\Arduino\lib\bcprov-jdk15on-152.jar;C:\Program Files (x86)\Arduino\lib\commons-codec-1.7.jar;C:\Program Files (x86)\Arduino\lib\commons-compress-1.8.jar;C:\Program Files (x86)\Arduino\lib\commons-exec-1.1.jar;C:\Program Files (x86)\Arduino\lib\commons-httpclient-3.1.jar;C:\Program Files (x86)\Arduino\lib\commons-lang3-3.3.2.jar;C:\Program Files (x86)\Arduino\lib\commons-logging-1.0.4.jar;C:\Program Files (x86)\Arduino\lib\commons-net-3.3.jar;C:\Program Files (x86)\Arduino\lib\jackson-annotations-2.6.3.jar;C:\Program Files (x86)\Arduino\lib\jackson-core-2.6.3.jar;C:\Program Files (x86)\Arduino\lib\jackson-databind-2.6.3.jar;C:\Program Files (x86)\Arduino\lib\jackson-module-mrbean-2.6.3.jar;C:\Program Files (x86)\Arduino\lib\java-semver-0.8.0.jar;C:\Program Files (x86)\Arduino\lib\jmdns-3.4.1.j
Launcher Type: SUN_STANDARD

Environment Variables:
PATH=C:\Program Files (x86)\Intel\iCLS Client\;C:\Program Files\Intel\iCLS Client\;C:\WINDOWS\system32;C:\WINDOWS;C:\WINDOWS\System32\Wbem;C:\WINDOWS\System32\WindowsPowerShell\v1.0\;c:\Program Files (x86)\ATI Technologies\ATI.ACE\Core-Static;C:\Program Files (x86)\Intel\Intel(R) Management Engine Components\DAL;C:\Program Files\Intel\Intel(R) Management Engine Components\DAL;C:\Program Files (x86)\Intel\Intel(R) Management Engine Components\IPT;C:\Program Files\Intel\Intel(R) Management Engine Components\IPT;C:\Program Files\MATLAB\R2016b\runtime\win64;C:\Program Files\MATLAB\R2016b\bin;C:\Users\sawtell\ffmpeg\bin;C:\Program Files\Git\cmd;C:\Program Files\Point Grey Research\FlyCap2 Viewer\bin64;%FC2PATH\vs2013;C:\Program Files\Point Grey Research\FlyCap2 Viewer\bin64\vs2015;C:\WINDOWS\System32\OpenSSH\;C:\Users\sawtell\AppData\Local\Microsoft\WindowsApps; C:\Users\sawtell\ffmpeg\bin;;C:\Program Files (x86)\Microsoft VS Code\bin;C:\Program Files (x86)\Arduino\java\bin
USERNAME=sawtell
OS=Windows_NT
PROCESSOR_IDENTIFIER=Intel64 Family 6 Model 94 Stepping 3, GenuineIntel



---------------  S Y S T E M  ---------------

OS: Windows 10.0 , 64 bit Build 17134 (10.0.17134.706)

CPU:total 8 (4 cores per cpu, 2 threads per core) family 6 model 94 stepping 3, cmov, cx8, fxsr, mmx, sse, sse2, sse3, ssse3, sse4.1, sse4.2, popcnt, avx, avx2, aes, clmul, erms, rtm, 3dnowpref, lzcnt, ht, tsc, tscinvbit, bmi1, bmi2, adx

Memory: 4k page, physical 16673160k(12799732k free), swap 33450376k(28641188k free)

vm_info: Java HotSpot(TM) Client VM (25.111-b14) for windows-x86 JRE (1.8.0_111-b14), built on Sep 22 2016 18:54:33 by "java_re" with MS VC++ 10.0 (VS2010)

time: Wed Apr 17 22:12:55 2019
elapsed time: 128417 seconds (1d 11h 40m 17s)

