#
# A fatal error has been detected by the Java Runtime Environment:
#
#  EXCEPTION_ACCESS_VIOLATION (0xc0000005) at pc=0x5c1b78d8, pid=11888, tid=0x00001320
#
# JRE version: Java(TM) SE Runtime Environment (8.0_111-b14) (build 1.8.0_111-b14)
# Java VM: Java HotSpot(TM) Client VM (25.111-b14 mixed mode windows-x86 )
# Problematic frame:
# V  [jvm.dll+0xe78d8]
#
# Failed to write core dump. Minidumps are not enabled by default on client versions of Windows
#
# If you would like to submit a bug report, please visit:
#   http://bugreport.java.com/bugreport/crash.jsp
#

---------------  T H R E A D  ---------------

Current thread (0x28a01400):  JavaThread "EventThread COM11" [_thread_in_vm, id=4896, stack(0x04650000,0x046a0000)]

siginfo: ExceptionCode=0xc0000005, reading address 0x00000000

Registers:
EAX=0x00000000, EBX=0x00000000, ECX=0x28a01400, EDX=0x0000009f
ESP=0x0469f21c, EBP=0x0469f248, ESI=0x289c1fd4, EDI=0x28a01400
EIP=0x5c1b78d8, EFLAGS=0x00010246

Top of Stack: (sp=0x0469f21c)
0x0469f21c:   00000000 289c1fd4 28a01540 28a01400
0x0469f22c:   283b3534 0000009f 5c3b1020 28a01400
0x0469f23c:   283b3534 0000009f ace2d736 00000b1c
0x0469f24c:   64001f2a 28a01540 00000000 00000000
0x0469f25c:   289c1fd4 0469f2bc fff80000 00000000
0x0469f26c:   fff80000 00000000 26b00908 00000000
0x0469f27c:   fff80000 00000000 00000b1c 00000000
0x0469f28c:   289c1fd0 00000000 00000000 00000000 

Instructions: (pc=0x5c1b78d8)
0x5c1b78b8:   e8 73 fb f1 ff 83 c4 08 83 7f 04 00 89 7d e0 c7
0x5c1b78c8:   45 e4 00 00 00 00 74 08 8d 4d e0 e8 68 04 0c 00
0x5c1b78d8:   8b 1b 85 f6 74 02 8b 36 8b 45 10 85 c0 0f 88 ea
0x5c1b78e8:   00 00 00 3b 43 08 0f 8d e1 00 00 00 85 f6 0f 84 


Register to memory mapping:

EAX=0x00000000 is an unknown value
EBX=0x00000000 is an unknown value
ECX=0x28a01400 is a thread
EDX=0x0000009f is an unknown value
ESP=0x0469f21c is pointing into the stack for thread: 0x28a01400
EBP=0x0469f248 is pointing into the stack for thread: 0x28a01400
ESI=0x289c1fd4 is an unknown value
EDI=0x28a01400 is a thread


Stack: [0x04650000,0x046a0000],  sp=0x0469f21c,  free space=316k
Native frames: (J=compiled Java code, j=interpreted, Vv=VM code, C=native code)
V  [jvm.dll+0xe78d8]
C  [jSSC-2.8_x86.dll+0x1f2a]

Java frames: (J=compiled Java code, j=interpreted, Vv=VM code)
J 2338  jssc.SerialNativeInterface.waitEvents(J)[[I (0 bytes) @ 0x02a5da1d [0x02a5d9d0+0x4d]
J 2770 C1 jssc.SerialPort$EventThread.run()V (84 bytes) @ 0x027290c0 [0x02729070+0x50]
v  ~StubRoutines::call_stub

---------------  P R O C E S S  ---------------

Java Threads: ( => current thread )
  0x28a02000 JavaThread "JmDNS(129-236-162-197.local.).Timer" daemon [_thread_blocked, id=1452, stack(0x27040000,0x27090000)]
  0x28a04c00 JavaThread "JmDNS(129-236-162-197.local.).State.Timer" [_thread_blocked, id=2096, stack(0x26fb0000,0x27000000)]
  0x28a04400 JavaThread "JmDNS(129-236-162-197.local.).Timer" daemon [_thread_blocked, id=7176, stack(0x26f20000,0x26f70000)]
  0x28a07000 JavaThread "SocketListener(129-236-162-197.local.)" daemon [_thread_blocked, id=13764, stack(0x26d90000,0x26de0000)]
  0x28a04000 JavaThread "JmDNS(fe80:0:0:0:bb:5ffc:fa4:edf1%eth1.local.).State.Timer" [_thread_blocked, id=11708, stack(0x007e0000,0x00830000)]
  0x28a06400 JavaThread "JmDNS(fe80:0:0:0:bb:5ffc:fa4:edf1%eth1.local.).Timer" daemon [_thread_blocked, id=3564, stack(0x00750000,0x007a0000)]
=>0x28a01400 JavaThread "EventThread COM11" [_thread_in_vm, id=4896, stack(0x04650000,0x046a0000)]
  0x28a05c00 JavaThread "DestroyJavaVM" [_thread_blocked, id=11660, stack(0x00f70000,0x00fc0000)]
  0x28a05800 JavaThread "TimerQueue" daemon [_thread_blocked, id=9784, stack(0x2a2e0000,0x2a330000)]
  0x28488000 JavaThread "Batik CleanerThread" daemon [_thread_blocked, id=812, stack(0x276e0000,0x27730000)]
  0x28487400 JavaThread "AWT-EventQueue-0" [_thread_blocked, id=12196, stack(0x26c30000,0x26c80000)]
  0x28435800 JavaThread "cc.arduino.packages.discoverers.network.NetworkChecker" [_thread_blocked, id=6716, stack(0x26a10000,0x26a60000)]
  0x28435000 JavaThread "cc.arduino.packages.discoverers.serial.SerialBoardsLister" [_thread_blocked, id=6436, stack(0x26980000,0x269d0000)]
  0x26284800 JavaThread "AWT-Windows" daemon [_thread_in_native, id=10372, stack(0x26730000,0x26780000)]
  0x26284000 JavaThread "AWT-Shutdown" [_thread_blocked, id=6120, stack(0x266a0000,0x266f0000)]
  0x26283800 JavaThread "Java2D Disposer" daemon [_thread_blocked, id=400, stack(0x26610000,0x26660000)]
  0x25a57000 JavaThread "Service Thread" daemon [_thread_blocked, id=13248, stack(0x25f00000,0x25f50000)]
  0x25a5b800 JavaThread "C1 CompilerThread0" daemon [_thread_blocked, id=12992, stack(0x25e70000,0x25ec0000)]
  0x25a5a800 JavaThread "Attach Listener" daemon [_thread_blocked, id=328, stack(0x25de0000,0x25e30000)]
  0x25a58400 JavaThread "Signal Dispatcher" daemon [_thread_blocked, id=13116, stack(0x25d50000,0x25da0000)]
  0x25a3a400 JavaThread "Finalizer" daemon [_thread_blocked, id=11464, stack(0x24dc0000,0x24e10000)]
  0x25a24800 JavaThread "Reference Handler" daemon [_thread_blocked, id=5380, stack(0x24d30000,0x24d80000)]

Other Threads:
  0x00f2dc00 VMThread [stack: 0x24ca0000,0x24cf0000] [id=11724]
  0x25a55000 WatcherThread [stack: 0x25f90000,0x25fe0000] [id=12400]

VM state:synchronizing (normal execution)

VM Mutex/Monitor currently owned by a thread:  ([mutex/lock_event])
[0x00e2c5c8] Threads_lock - owner thread: 0x00f2dc00
[0x00e2c7d0] Heap_lock - owner thread: 0x28a05800

Heap:
 def new generation   total 157248K, used 157247K [0x04800000, 0x0f2a0000, 0x0f2a0000)
  eden space 139776K,  99% used [0x04800000, 0x0d07fff8, 0x0d080000)
  from space 17472K,  99% used [0x0d080000, 0x0e18fff8, 0x0e190000)
  to   space 17472K,   0% used [0x0e190000, 0x0e190000, 0x0f2a0000)
 tenured generation   total 349568K, used 349567K [0x0f2a0000, 0x24800000, 0x24800000)
   the space 349568K,  99% used [0x0f2a0000, 0x247ffff8, 0x24800000, 0x24800000)
 Metaspace       used 18732K, capacity 19190K, committed 19456K, reserved 19840K

Card table byte_map: [0x046f0000,0x04800000] byte_map_base: 0x046cc000

Polling page: 0x00c20000

CodeCache: size=32768Kb used=2101Kb max_used=4635Kb free=30666Kb
 bounds [0x02650000, 0x02ad8000, 0x04650000]
 total_blobs=1120 nmethods=840 adapters=208
 compilation: enabled

Compilation events (10 events):
Event: 170528.650 Thread 0x25a5b800 3568             javax.swing.text.StyleContext$SmallAttributeSet::getLocalAttribute (49 bytes)
Event: 170529.351 Thread 0x25a5b800 nmethod 3568 0x02a3ce88 code [0x02a3cfa0, 0x02a3d0dc]
Event: 170534.231 Thread 0x25a5b800 3569             java.util.regex.Matcher::search (109 bytes)
Event: 170534.802 Thread 0x25a5b800 nmethod 3569 0x02a3b148 code [0x02a3b250, 0x02a3b37c]
Event: 170539.467 Thread 0x25a5b800 3570             javax.swing.text.Utilities::getTabbedTextOffset (449 bytes)
Event: 170539.468 Thread 0x25a5b800 nmethod 3570 0x02a26c08 code [0x02a26d90, 0x02a27260]
Event: 170540.008 Thread 0x25a5b800 3571             sun.font.FontDesignMetrics::charWidth (30 bytes)
Event: 170540.008 Thread 0x25a5b800 nmethod 3571 0x02a48a88 code [0x02a48bc0, 0x02a48d28]
Event: 170540.008 Thread 0x25a5b800 3572             sun.font.FontDesignMetrics::getLatinCharWidth (29 bytes)
Event: 170540.008 Thread 0x25a5b800 nmethod 3572 0x02a3c348 code [0x02a3c470, 0x02a3c57c]

GC Heap History (10 events):
Event: 170554.646 GC heap before
{Heap before GC invocations=98104 (full 7617):
 def new generation   total 157248K, used 157247K [0x04800000, 0x0f2a0000, 0x0f2a0000)
  eden space 139776K,  99% used [0x04800000, 0x0d07fff8, 0x0d080000)
  from space 17472K,  99% used [0x0d080000, 0x0e18fff8, 0x0e190000)
  to   space 17472K,   0% used [0x0e190000, 0x0e190000, 0x0f2a0000)
 tenured generation   total 349568K, used 349567K [0x0f2a0000, 0x24800000, 0x24800000)
   the space 349568K,  99% used [0x0f2a0000, 0x247ffff8, 0x24800000, 0x24800000)
 Metaspace       used 18732K, capacity 19190K, committed 19456K, reserved 19840K
Event: 170555.194 GC heap after
Heap after GC invocations=98105 (full 7618):
 def new generation   total 157248K, used 157247K [0x04800000, 0x0f2a0000, 0x0f2a0000)
  eden space 139776K,  99% used [0x04800000, 0x0d07fff8, 0x0d080000)
  from space 17472K,  99% used [0x0d080000, 0x0e18fff8, 0x0e190000)
  to   space 17472K,   0% used [0x0e190000, 0x0e190000, 0x0f2a0000)
 tenured generation   total 349568K, used 349567K [0x0f2a0000, 0x24800000, 0x24800000)
   the space 349568K,  99% used [0x0f2a0000, 0x247ffff8, 0x24800000, 0x24800000)
 Metaspace       used 18732K, capacity 19190K, committed 19456K, reserved 19840K
}
Event: 170555.194 GC heap before
{Heap before GC invocations=98105 (full 7618):
 def new generation   total 157248K, used 157247K [0x04800000, 0x0f2a0000, 0x0f2a0000)
  eden space 139776K,  99% used [0x04800000, 0x0d07fff8, 0x0d080000)
  from space 17472K,  99% used [0x0d080000, 0x0e18fff8, 0x0e190000)
  to   space 17472K,   0% used [0x0e190000, 0x0e190000, 0x0f2a0000)
 tenured generation   total 349568K, used 349567K [0x0f2a0000, 0x24800000, 0x24800000)
   the space 349568K,  99% used [0x0f2a0000, 0x247ffff8, 0x24800000, 0x24800000)
 Metaspace       used 18732K, capacity 19190K, committed 19456K, reserved 19840K
Event: 170555.734 GC heap after
Heap after GC invocations=98106 (full 7619):
 def new generation   total 157248K, used 157247K [0x04800000, 0x0f2a0000, 0x0f2a0000)
  eden space 139776K,  99% used [0x04800000, 0x0d07fff8, 0x0d080000)
  from space 17472K,  99% used [0x0d080000, 0x0e18fff8, 0x0e190000)
  to   space 17472K,   0% used [0x0e190000, 0x0e190000, 0x0f2a0000)
 tenured generation   total 349568K, used 349567K [0x0f2a0000, 0x24800000, 0x24800000)
   the space 349568K,  99% used [0x0f2a0000, 0x247ffff8, 0x24800000, 0x24800000)
 Metaspace       used 18732K, capacity 19190K, committed 19456K, reserved 19840K
}
Event: 170555.734 GC heap before
{Heap before GC invocations=98106 (full 7619):
 def new generation   total 157248K, used 157247K [0x04800000, 0x0f2a0000, 0x0f2a0000)
  eden space 139776K,  99% used [0x04800000, 0x0d07fff8, 0x0d080000)
  from space 17472K,  99% used [0x0d080000, 0x0e18fff8, 0x0e190000)
  to   space 17472K,   0% used [0x0e190000, 0x0e190000, 0x0f2a0000)
 tenured generation   total 349568K, used 349567K [0x0f2a0000, 0x24800000, 0x24800000)
   the space 349568K,  99% used [0x0f2a0000, 0x247ffff8, 0x24800000, 0x24800000)
 Metaspace       used 18732K, capacity 19190K, committed 19456K, reserved 19840K
Event: 170556.271 GC heap after
Heap after GC invocations=98107 (full 7620):
 def new generation   total 157248K, used 157247K [0x04800000, 0x0f2a0000, 0x0f2a0000)
  eden space 139776K,  99% used [0x04800000, 0x0d07fff8, 0x0d080000)
  from space 17472K,  99% used [0x0d080000, 0x0e18fff8, 0x0e190000)
  to   space 17472K,   0% used [0x0e190000, 0x0e190000, 0x0f2a0000)
 tenured generation   total 349568K, used 349567K [0x0f2a0000, 0x24800000, 0x24800000)
   the space 349568K,  99% used [0x0f2a0000, 0x247ffff8, 0x24800000, 0x24800000)
 Metaspace       used 18732K, capacity 19190K, committed 19456K, reserved 19840K
}
Event: 170556.271 GC heap before
{Heap before GC invocations=98107 (full 7620):
 def new generation   total 157248K, used 157247K [0x04800000, 0x0f2a0000, 0x0f2a0000)
  eden space 139776K,  99% used [0x04800000, 0x0d07fff8, 0x0d080000)
  from space 17472K,  99% used [0x0d080000, 0x0e18fff8, 0x0e190000)
  to   space 17472K,   0% used [0x0e190000, 0x0e190000, 0x0f2a0000)
 tenured generation   total 349568K, used 349567K [0x0f2a0000, 0x24800000, 0x24800000)
   the space 349568K,  99% used [0x0f2a0000, 0x247ffff8, 0x24800000, 0x24800000)
 Metaspace       used 18732K, capacity 19190K, committed 19456K, reserved 19840K
Event: 170556.812 GC heap after
Heap after GC invocations=98108 (full 7621):
 def new generation   total 157248K, used 157247K [0x04800000, 0x0f2a0000, 0x0f2a0000)
  eden space 139776K,  99% used [0x04800000, 0x0d07fff8, 0x0d080000)
  from space 17472K,  99% used [0x0d080000, 0x0e18fff8, 0x0e190000)
  to   space 17472K,   0% used [0x0e190000, 0x0e190000, 0x0f2a0000)
 tenured generation   total 349568K, used 349567K [0x0f2a0000, 0x24800000, 0x24800000)
   the space 349568K,  99% used [0x0f2a0000, 0x247ffff8, 0x24800000, 0x24800000)
 Metaspace       used 18732K, capacity 19190K, committed 19456K, reserved 19840K
}
Event: 170556.812 GC heap before
{Heap before GC invocations=98108 (full 7621):
 def new generation   total 157248K, used 157247K [0x04800000, 0x0f2a0000, 0x0f2a0000)
  eden space 139776K,  99% used [0x04800000, 0x0d07fff8, 0x0d080000)
  from space 17472K,  99% used [0x0d080000, 0x0e18fff8, 0x0e190000)
  to   space 17472K,   0% used [0x0e190000, 0x0e190000, 0x0f2a0000)
 tenured generation   total 349568K, used 349567K [0x0f2a0000, 0x24800000, 0x24800000)
   the space 349568K,  99% used [0x0f2a0000, 0x247ffff8, 0x24800000, 0x24800000)
 Metaspace       used 18732K, capacity 19190K, committed 19456K, reserved 19840K
Event: 170557.403 GC heap after
Heap after GC invocations=98109 (full 7622):
 def new generation   total 157248K, used 157247K [0x04800000, 0x0f2a0000, 0x0f2a0000)
  eden space 139776K,  99% used [0x04800000, 0x0d07fff8, 0x0d080000)
  from space 17472K,  99% used [0x0d080000, 0x0e18ffe0, 0x0e190000)
  to   space 17472K,   0% used [0x0e190000, 0x0e190000, 0x0f2a0000)
 tenured generation   total 349568K, used 349567K [0x0f2a0000, 0x24800000, 0x24800000)
   the space 349568K,  99% used [0x0f2a0000, 0x247ffff8, 0x24800000, 0x24800000)
 Metaspace       used 18732K, capacity 19190K, committed 19456K, reserved 19840K
}

Deoptimization events (0 events):
No events

Internal exceptions (10 events):
Event: 170536.045 Thread 0x28a06c00 Exception <a 'java/io/IOException'> (0x0e18bea0) thrown at [C:\re\workspace\8-2-build-windows-i586-cygwin\jdk8u111\7883\hotspot\src\share\vm\prims\jni.cpp, line 709]
Event: 170536.045 Thread 0x28a06c00 Exception <a 'java/io/IOException'> (0x0e18c7b0) thrown at [C:\re\workspace\8-2-build-windows-i586-cygwin\jdk8u111\7883\hotspot\src\share\vm\prims\jni.cpp, line 709]
Event: 170536.045 Thread 0x28a06c00 Exception <a 'java/io/IOException'> (0x0e18ccc0) thrown at [C:\re\workspace\8-2-build-windows-i586-cygwin\jdk8u111\7883\hotspot\src\share\vm\prims\jni.cpp, line 709]
Event: 170536.045 Thread 0x28a06c00 Exception <a 'java/io/IOException'> (0x0e18cfd0) thrown at [C:\re\workspace\8-2-build-windows-i586-cygwin\jdk8u111\7883\hotspot\src\share\vm\prims\jni.cpp, line 709]
Event: 170553.560 Thread 0x28a01400 Exception <a 'java/lang/OutOfMemoryError'> (0x0f791b70) thrown at [C:\re\workspace\8-2-build-windows-i586-cygwin\jdk8u111\7883\hotspot\src\share\vm\gc_interface/collectedHeap.inline.hpp, line 159]
Event: 170554.646 Thread 0x28a05800 Exception <a 'java/lang/OutOfMemoryError'> (0x0f2fa748) thrown at [C:\re\workspace\8-2-build-windows-i586-cygwin\jdk8u111\7883\hotspot\src\share\vm\gc_interface/collectedHeap.inline.hpp, line 159]
Event: 170555.734 Thread 0x28435800 Exception <a 'java/lang/OutOfMemoryError'> (0x0f2fa748) thrown at [C:\re\workspace\8-2-build-windows-i586-cygwin\jdk8u111\7883\hotspot\src\share\vm\gc_interface/collectedHeap.inline.hpp, line 159]
Event: 170556.812 Thread 0x28487400 Exception <a 'java/lang/OutOfMemoryError'> (0x0f2fa748) thrown at [C:\re\workspace\8-2-build-windows-i586-cygwin\jdk8u111\7883\hotspot\src\share\vm\gc_interface/collectedHeap.inline.hpp, line 159]
Event: 170557.404 Thread 0x28487400 Exception <a 'java/lang/OutOfMemoryError'> (0x0f2fa748) thrown at [C:\re\workspace\8-2-build-windows-i586-cygwin\jdk8u111\7883\hotspot\src\share\vm\prims\jvm.cpp, line 1390]
Event: 170557.404 Thread 0x28487400 Exception <a 'java/lang/OutOfMemoryError'> (0x0f2fa748) thrown at [C:\re\workspace\8-2-build-windows-i586-cygwin\jdk8u111\7883\hotspot\src\share\vm\prims\jvm.cpp, line 1390]

Events (10 events):
Event: 170553.560 Executing VM operation: GenCollectForAllocation done
Event: 170553.560 Executing VM operation: GenCollectForAllocation
Event: 170554.646 Executing VM operation: GenCollectForAllocation done
Event: 170554.646 Executing VM operation: GenCollectForAllocation
Event: 170555.734 Executing VM operation: GenCollectForAllocation done
Event: 170555.734 Executing VM operation: GenCollectForAllocation
Event: 170556.812 Executing VM operation: GenCollectForAllocation done
Event: 170556.812 Executing VM operation: GenCollectForAllocation
Event: 170557.403 Executing VM operation: GenCollectForAllocation done
Event: 170557.404 Executing VM operation: GenCollectForAllocation


Dynamic libraries:
0x01010000 - 0x01043000 	C:\Program Files (x86)\Arduino\java\bin\javaw.exe
0x76f80000 - 0x77110000 	C:\WINDOWS\SYSTEM32\ntdll.dll
0x76c00000 - 0x76ce0000 	C:\WINDOWS\System32\KERNEL32.DLL
0x75990000 - 0x75b74000 	C:\WINDOWS\System32\KERNELBASE.dll
0x737b0000 - 0x7382b000 	C:\WINDOWS\System32\SYSFER.DLL
0x76930000 - 0x769a8000 	C:\WINDOWS\System32\ADVAPI32.dll
0x738c0000 - 0x7397f000 	C:\WINDOWS\System32\msvcrt.dll
0x756f0000 - 0x75734000 	C:\WINDOWS\System32\sechost.dll
0x75cc0000 - 0x75d80000 	C:\WINDOWS\System32\RPCRT4.dll
0x73840000 - 0x73860000 	C:\WINDOWS\System32\SspiCli.dll
0x73830000 - 0x7383a000 	C:\WINDOWS\System32\CRYPTBASE.dll
0x75df0000 - 0x75e48000 	C:\WINDOWS\System32\bcryptPrimitives.dll
0x75f70000 - 0x760fd000 	C:\WINDOWS\System32\USER32.dll
0x75740000 - 0x75757000 	C:\WINDOWS\System32\win32u.dll
0x758f0000 - 0x75912000 	C:\WINDOWS\System32\GDI32.dll
0x75780000 - 0x758e4000 	C:\WINDOWS\System32\gdi32full.dll
0x76b40000 - 0x76bbd000 	C:\WINDOWS\System32\msvcp_win.dll
0x73fa0000 - 0x740be000 	C:\WINDOWS\System32\ucrtbase.dll
0x70840000 - 0x70a44000 	C:\WINDOWS\WinSxS\x86_microsoft.windows.common-controls_6595b64144ccf1df_6.0.17134.523_none_42edd4b044e3535c\COMCTL32.dll
0x76110000 - 0x7636c000 	C:\WINDOWS\System32\combase.dll
0x76bc0000 - 0x76be6000 	C:\WINDOWS\System32\IMM32.DLL
0x5c4a0000 - 0x5c55f000 	C:\Program Files (x86)\Arduino\java\bin\msvcr100.dll
0x5c0d0000 - 0x5c49d000 	C:\Program Files (x86)\Arduino\java\bin\client\jvm.dll
0x75920000 - 0x75926000 	C:\WINDOWS\System32\PSAPI.DLL
0x6b150000 - 0x6b174000 	C:\WINDOWS\SYSTEM32\WINMM.dll
0x71920000 - 0x71928000 	C:\WINDOWS\SYSTEM32\VERSION.dll
0x6b320000 - 0x6b343000 	C:\WINDOWS\SYSTEM32\WINMMBASE.dll
0x72460000 - 0x72468000 	C:\WINDOWS\SYSTEM32\WSOCK32.dll
0x75f30000 - 0x75f69000 	C:\WINDOWS\System32\cfgmgr32.dll
0x00c60000 - 0x00cc7000 	C:\WINDOWS\System32\ws2_32.DLL
0x729c0000 - 0x729f1000 	C:\Program Files (x86)\Arduino\java\bin\splashscreen.dll
0x71c70000 - 0x71cec000 	C:\WINDOWS\system32\uxtheme.dll
0x729b0000 - 0x729bc000 	C:\Program Files (x86)\Arduino\java\bin\verify.dll
0x6baf0000 - 0x6bb11000 	C:\Program Files (x86)\Arduino\java\bin\java.dll
0x75500000 - 0x75643000 	C:\WINDOWS\System32\MSCTF.dll
0x75b80000 - 0x75c16000 	C:\WINDOWS\System32\OLEAUT32.dll
0x72990000 - 0x729a3000 	C:\Program Files (x86)\Arduino\java\bin\zip.dll
0x76bf0000 - 0x76bff000 	C:\WINDOWS\System32\kernel.appcore.dll
0x72910000 - 0x7298d000 	C:\WINDOWS\System32\TextInputFramework.dll
0x6bbb0000 - 0x6bc3b000 	C:\WINDOWS\System32\CoreMessaging.dll
0x5c560000 - 0x5c7bd000 	C:\WINDOWS\System32\CoreUIComponents.dll
0x75c20000 - 0x75ca8000 	C:\WINDOWS\System32\SHCORE.dll
0x72f60000 - 0x72f89000 	C:\WINDOWS\SYSTEM32\ntmarta.dll
0x5f9c0000 - 0x5fa96000 	C:\WINDOWS\SYSTEM32\wintypes.dll
0x71c40000 - 0x71c63000 	C:\WINDOWS\system32\dwmapi.dll
0x74120000 - 0x7546a000 	C:\WINDOWS\System32\SHELL32.dll
0x739d0000 - 0x73f8a000 	C:\WINDOWS\System32\windows.storage.dll
0x756a0000 - 0x756e5000 	C:\WINDOWS\System32\shlwapi.dll
0x769b0000 - 0x769c8000 	C:\WINDOWS\System32\profapi.dll
0x73980000 - 0x739c5000 	C:\WINDOWS\System32\powrprof.dll
0x75cb0000 - 0x75cb8000 	C:\WINDOWS\System32\FLTLIB.DLL
0x61940000 - 0x619b2000 	C:\Program Files (x86)\Arduino\lib\listSerialsj.dll
0x76370000 - 0x7679b000 	C:\WINDOWS\System32\SETUPAPI.dll
0x734a0000 - 0x734b3000 	C:\WINDOWS\SYSTEM32\CRYPTSP.dll
0x733c0000 - 0x733ef000 	C:\WINDOWS\system32\rsaenh.dll
0x733a0000 - 0x733b9000 	C:\WINDOWS\SYSTEM32\bcrypt.dll
0x71cf0000 - 0x71d11000 	C:\WINDOWS\SYSTEM32\USERENV.dll
0x728d0000 - 0x728e6000 	C:\Program Files (x86)\Arduino\java\bin\net.dll
0x734c0000 - 0x73516000 	C:\WINDOWS\system32\mswsock.dll
0x72ff0000 - 0x73020000 	C:\WINDOWS\SYSTEM32\IPHLPAPI.DLL
0x76ce0000 - 0x76ce7000 	C:\WINDOWS\System32\NSI.dll
0x72e20000 - 0x72e33000 	C:\WINDOWS\SYSTEM32\dhcpcsvc6.DLL
0x72e70000 - 0x72e84000 	C:\WINDOWS\SYSTEM32\dhcpcsvc.DLL
0x6bd90000 - 0x6bd9f000 	C:\Program Files (x86)\Arduino\java\bin\nio.dll
0x6b950000 - 0x6b96d000 	C:\Users\sawtell\AppData\Local\Temp\jna-1874191130\jna8688082675484389129.dll
0x76830000 - 0x7692c000 	C:\WINDOWS\System32\Ole32.dll
0x5bf80000 - 0x5c0c6000 	C:\Program Files (x86)\Arduino\java\bin\awt.dll
0x6b7b0000 - 0x6b84d000 	C:\WINDOWS\SYSTEM32\apphelp.dll
0x6b910000 - 0x6b949000 	C:\Program Files (x86)\Arduino\java\bin\fontmanager.dll
0x5bf40000 - 0x5bf72000 	C:\Program Files (x86)\Arduino\java\bin\t2k.dll
0x72e40000 - 0x72e62000 	C:\WINDOWS\SYSTEM32\DEVOBJ.dll
0x75650000 - 0x75697000 	C:\WINDOWS\System32\WINTRUST.dll
0x76100000 - 0x7610e000 	C:\WINDOWS\System32\MSASN1.dll
0x76cf0000 - 0x76e86000 	C:\WINDOWS\System32\CRYPT32.dll
0x73020000 - 0x730ae000 	C:\WINDOWS\SYSTEM32\DNSAPI.dll
0x72fe0000 - 0x72fe8000 	C:\Windows\System32\rasadhlp.dll
0x72f90000 - 0x72fdf000 	C:\WINDOWS\System32\fwpuclnt.dll
0x5bed0000 - 0x5bf39000 	C:\Program Files (x86)\Arduino\msvcp100.dll
0x5be10000 - 0x5bece000 	C:\Program Files (x86)\Arduino\msvcr100.dll
0x27550000 - 0x27582000 	C:\Program Files (x86)\Arduino\lib\AStylej.dll
0x5bde0000 - 0x5be04000 	C:\Program Files (x86)\Arduino\java\bin\dcpr.dll
0x75470000 - 0x754f3000 	C:\WINDOWS\System32\clbcatq.dll
0x6b180000 - 0x6b2f1000 	C:\WINDOWS\SYSTEM32\WindowsCodecs.dll
0x6ae60000 - 0x6aeaf000 	C:\WINDOWS\system32\dataexchange.dll
0x6ad20000 - 0x6ae5c000 	C:\WINDOWS\system32\dcomp.dll
0x6aac0000 - 0x6ad12000 	C:\WINDOWS\system32\d3d11.dll
0x6aa20000 - 0x6aab8000 	C:\WINDOWS\system32\dxgi.dll
0x6a8b0000 - 0x6aa15000 	C:\WINDOWS\system32\twinapi.appcore.dll
0x6a890000 - 0x6a8aa000 	C:\WINDOWS\system32\RMCLIENT.dll
0x64000000 - 0x6401b000 	C:\Users\sawtell\.jssc\windows\jSSC-2.8_x86.dll
0x27120000 - 0x272a2000 	C:\WINDOWS\SYSTEM32\dbghelp.dll

VM Arguments:
jvm_args: -Dsun.java2d.d3d=false -Djna.nosys=true -DAPP_DIR=C:\Program Files (x86)\Arduino -Xms128M -Xmx512M 
java_command: processing.app.Base C:\Users\sawtell\Desktop\github\obstacleRig\arduino\obstacleControl9\obstacleControl9.ino
java_class_path (initial): C:\Program Files (x86)\Arduino\lib\apple.jar;C:\Program Files (x86)\Arduino\lib\arduino-core.jar;C:\Program Files (x86)\Arduino\lib\batik-1.8.jar;C:\Program Files (x86)\Arduino\lib\batik-anim-1.8.jar;C:\Program Files (x86)\Arduino\lib\batik-awt-util-1.8.jar;C:\Program Files (x86)\Arduino\lib\batik-bridge-1.8.jar;C:\Program Files (x86)\Arduino\lib\batik-codec-1.8.jar;C:\Program Files (x86)\Arduino\lib\batik-css-1.8.jar;C:\Program Files (x86)\Arduino\lib\batik-dom-1.8.jar;C:\Program Files (x86)\Arduino\lib\batik-ext-1.8.jar;C:\Program Files (x86)\Arduino\lib\batik-gvt-1.8.jar;C:\Program Files (x86)\Arduino\lib\batik-parser-1.8.jar;C:\Program Files (x86)\Arduino\lib\batik-rasterizer-1.8.jar;C:\Program Files (x86)\Arduino\lib\batik-script-1.8.jar;C:\Program Files (x86)\Arduino\lib\batik-squiggle-1.8.jar;C:\Program Files (x86)\Arduino\lib\batik-svg-dom-1.8.jar;C:\Program Files (x86)\Arduino\lib\batik-svgpp-1.8.jar;C:\Program Files (x86)\Arduino\lib\batik-transcoder-1.8.jar;C:\Program Files (x86)\Arduino\lib\batik-util-1.8.jar;C:\Program Files (x86)\Arduino\lib\batik-xml-1.8.jar;C:\Program Files (x86)\Arduino\lib\bcpg-jdk15on-152.jar;C:\Program Files (x86)\Arduino\lib\bcprov-jdk15on-152.jar;C:\Program Files (x86)\Arduino\lib\commons-codec-1.7.jar;C:\Program Files (x86)\Arduino\lib\commons-compress-1.8.jar;C:\Program Files (x86)\Arduino\lib\commons-exec-1.1.jar;C:\Program Files (x86)\Arduino\lib\commons-httpclient-3.1.jar;C:\Program Files (x86)\Arduino\lib\commons-lang3-3.3.2.jar;C:\Program Files (x86)\Arduino\lib\commons-logging-1.0.4.jar;C:\Program Files (x86)\Arduino\lib\commons-net-3.3.jar;C:\Program Files (x86)\Arduino\lib\jackson-annotations-2.6.3.jar;C:\Program Files (x86)\Arduino\lib\jackson-core-2.6.3.jar;C:\Program Files (x86)\Arduino\lib\jackson-databind-2.6.3.jar;C:\Program Files (x86)\Arduino\lib\jackson-module-mrbean-2.6.3.jar;C:\Program Files (x86)\Arduino\lib\java-semver-0.8.0.jar;C:\Program Files (x86)\Arduino\lib\jmdns-3.4.1.j
Launcher Type: SUN_STANDARD

Environment Variables:
PATH=C:\Program Files (x86)\Intel\iCLS Client\;C:\Program Files\Intel\iCLS Client\;C:\WINDOWS\system32;C:\WINDOWS;C:\WINDOWS\System32\Wbem;C:\WINDOWS\System32\WindowsPowerShell\v1.0\;c:\Program Files (x86)\ATI Technologies\ATI.ACE\Core-Static;C:\Program Files (x86)\Intel\Intel(R) Management Engine Components\DAL;C:\Program Files\Intel\Intel(R) Management Engine Components\DAL;C:\Program Files (x86)\Intel\Intel(R) Management Engine Components\IPT;C:\Program Files\Intel\Intel(R) Management Engine Components\IPT;C:\Program Files\MATLAB\R2016b\runtime\win64;C:\Program Files\MATLAB\R2016b\bin;C:\Users\sawtell\ffmpeg\bin;C:\Program Files\Git\cmd;C:\Program Files\Point Grey Research\FlyCap2 Viewer\bin64;%FC2PATH\vs2013;C:\Program Files\Point Grey Research\FlyCap2 Viewer\bin64\vs2015;C:\WINDOWS\System32\OpenSSH\;C:\Users\sawtell\AppData\Local\Microsoft\WindowsApps; C:\Users\sawtell\ffmpeg\bin;;C:\Program Files (x86)\Microsoft VS Code\bin;C:\Program Files (x86)\Arduino\java\bin
USERNAME=sawtell
OS=Windows_NT
PROCESSOR_IDENTIFIER=Intel64 Family 6 Model 94 Stepping 3, GenuineIntel



---------------  S Y S T E M  ---------------

OS: Windows 10.0 , 64 bit Build 17134 (10.0.17134.1)

CPU:total 8 (4 cores per cpu, 2 threads per core) family 6 model 94 stepping 3, cmov, cx8, fxsr, mmx, sse, sse2, sse3, ssse3, sse4.1, sse4.2, popcnt, avx, avx2, aes, clmul, erms, rtm, 3dnowpref, lzcnt, ht, tsc, tscinvbit, bmi1, bmi2, adx

Memory: 4k page, physical 16673160k(12084848k free), swap 33450376k(27788220k free)

vm_info: Java HotSpot(TM) Client VM (25.111-b14) for windows-x86 JRE (1.8.0_111-b14), built on Sep 22 2016 18:54:33 by "java_re" with MS VC++ 10.0 (VS2010)

time: Thu Jan 17 08:31:52 2019
elapsed time: 170557 seconds (1d 23h 22m 37s)

