#
# A fatal error has been detected by the Java Runtime Environment:
#
#  EXCEPTION_ACCESS_VIOLATION (0xc0000005) at pc=0x52ff631e, pid=4648, tid=0x00003ca8
#
# JRE version: Java(TM) SE Runtime Environment (8.0_111-b14) (build 1.8.0_111-b14)
# Java VM: Java HotSpot(TM) Client VM (25.111-b14 mixed mode windows-x86 )
# Problematic frame:
# V  [jvm.dll+0xe631e]
#
# Failed to write core dump. Minidumps are not enabled by default on client versions of Windows
#
# If you would like to submit a bug report, please visit:
#   http://bugreport.java.com/bugreport/crash.jsp
#

---------------  T H R E A D  ---------------

Current thread (0x28316400):  JavaThread "EventThread COM11" [_thread_in_vm, id=15528, stack(0x26ee0000,0x26f30000)]

siginfo: ExceptionCode=0xc0000005, reading address 0x00000000

Registers:
EAX=0x00000000, EBX=0x28316540, ECX=0x28316400, EDX=0x0000009f
ESP=0x26f2f2fc, EBP=0x26f2f318, ESI=0x00000000, EDI=0x28316400
EIP=0x52ff631e, EFLAGS=0x00010246

Top of Stack: (sp=0x26f2f2fc)
0x26f2f2fc:   287fc0a4 00000000 28316540 28316400
0x26f2f30c:   281fcfec 0000009f 531f1020 00000a8c
0x26f2f31c:   026a1f0c 28316540 00000000 00000000
0x26f2f32c:   00000002 26f2f38c fff80000 00000000
0x26f2f33c:   fff80000 00000000 00efee08 00000000
0x26f2f34c:   fff80000 00000000 00000a8c 00000000
0x26f2f35c:   287fc0a0 00000000 00000000 00000000
0x26f2f36c:   00000000 00000000 00000000 00000000 

Instructions: (pc=0x52ff631e)
0x52ff62fe:   c4 08 83 7f 04 00 89 7d f0 c7 45 f4 00 00 00 00
0x52ff630e:   74 08 8d 4d f0 e8 28 1a 0c 00 8b 75 10 8b 45 0c
0x52ff631e:   8b 10 85 f6 78 32 8b 45 14 85 c0 78 2b 8d 0c 06
0x52ff632e:   3b 4a 08 77 23 85 c0 7e 3b 8b 4a 04 8b 49 04 83 


Register to memory mapping:

EAX=0x00000000 is an unknown value
EBX=0x28316540 is an unknown value
ECX=0x28316400 is a thread
EDX=0x0000009f is an unknown value
ESP=0x26f2f2fc is pointing into the stack for thread: 0x28316400
EBP=0x26f2f318 is pointing into the stack for thread: 0x28316400
ESI=0x00000000 is an unknown value
EDI=0x28316400 is a thread


Stack: [0x26ee0000,0x26f30000],  sp=0x26f2f2fc,  free space=316k
Native frames: (J=compiled Java code, j=interpreted, Vv=VM code, C=native code)
V  [jvm.dll+0xe631e]
C  [jSSC-2.8_x86.dll+0x1f0c]

Java frames: (J=compiled Java code, j=interpreted, Vv=VM code)
J 3122  jssc.SerialNativeInterface.waitEvents(J)[[I (0 bytes) @ 0x02da5fdd [0x02da5f90+0x4d]
J 3191 C1 jssc.SerialPort$EventThread.run()V (84 bytes) @ 0x02e61140 [0x02e610f0+0x50]
v  ~StubRoutines::call_stub

---------------  P R O C E S S  ---------------

Java Threads: ( => current thread )
  0x28314800 JavaThread "JmDNS(fe80:0:0:0:bb:5ffc:fa4:edf1%eth1.local.).Timer" daemon [_thread_blocked, id=4712, stack(0x252b0000,0x25300000)]
  0x28311c00 JavaThread "JmDNS(fe80:0:0:0:bb:5ffc:fa4:edf1%eth1.local.).State.Timer" [_thread_blocked, id=15340, stack(0x028e0000,0x02930000)]
  0x28313800 JavaThread "JmDNS(fe80:0:0:0:bb:5ffc:fa4:edf1%eth1.local.).Timer" daemon [_thread_blocked, id=17152, stack(0x00e10000,0x00e60000)]
  0x28314000 JavaThread "SocketListener(fe80:0:0:0:bb:5ffc:fa4:edf1%eth1.local.)" daemon [_thread_blocked, id=2772, stack(0x00d80000,0x00dd0000)]
=>0x28316400 JavaThread "EventThread COM11" [_thread_in_vm, id=15528, stack(0x26ee0000,0x26f30000)]
  0x28313400 JavaThread "DestroyJavaVM" [_thread_blocked, id=14344, stack(0x02770000,0x027c0000)]
  0x28315800 JavaThread "Batik CleanerThread" daemon [_thread_blocked, id=9756, stack(0x29940000,0x29990000)]
  0x28311400 JavaThread "AWT-EventQueue-0" [_thread_blocked, id=16188, stack(0x29750000,0x297a0000)]
  0x28316c00 JavaThread "AWT-Shutdown" [_thread_blocked, id=6152, stack(0x296c0000,0x29710000)]
  0x2826fc00 JavaThread "cc.arduino.packages.discoverers.network.BoardReachabilityFilter" [_thread_blocked, id=15344, stack(0x28cf0000,0x28d40000)]
  0x2826f400 JavaThread "cc.arduino.packages.discoverers.network.NetworkChecker" [_thread_blocked, id=8916, stack(0x28c60000,0x28cb0000)]
  0x267d9c00 JavaThread "AWT-Windows" daemon [_thread_in_native, id=14088, stack(0x26c90000,0x26ce0000)]
  0x267d8800 JavaThread "Java2D Disposer" daemon [_thread_blocked, id=12628, stack(0x26b70000,0x26bc0000)]
  0x25ed7400 JavaThread "Service Thread" daemon [_thread_blocked, id=10864, stack(0x26460000,0x264b0000)]
  0x25edb000 JavaThread "C1 CompilerThread0" daemon [_thread_blocked, id=12280, stack(0x263d0000,0x26420000)]
  0x25eda000 JavaThread "Attach Listener" daemon [_thread_blocked, id=10336, stack(0x26340000,0x26390000)]
  0x25ed8000 JavaThread "Signal Dispatcher" daemon [_thread_blocked, id=15620, stack(0x262b0000,0x26300000)]
  0x25eba400 JavaThread "Finalizer" daemon [_thread_blocked, id=4800, stack(0x26130000,0x26180000)]
  0x25ea4800 JavaThread "Reference Handler" daemon [_thread_blocked, id=6976, stack(0x260a0000,0x260f0000)]

Other Threads:
  0x028ddc00 VMThread [stack: 0x25220000,0x25270000] [id=11716]
  0x25ed5800 WatcherThread [stack: 0x264f0000,0x26540000] [id=11960]

VM state:synchronizing (normal execution)

VM Mutex/Monitor currently owned by a thread:  ([mutex/lock_event])
[0x00e9ceb8] Threads_lock - owner thread: 0x028ddc00
[0x00e9cb78] Heap_lock - owner thread: 0x28314000

Heap:
 def new generation   total 157248K, used 157248K [0x04c00000, 0x0f6a0000, 0x0f6a0000)
  eden space 139776K, 100% used [0x04c00000, 0x0d480000, 0x0d480000)
  from space 17472K, 100% used [0x0e590000, 0x0f6a0000, 0x0f6a0000)
  to   space 17472K,   0% used [0x0d480000, 0x0d480000, 0x0e590000)
 tenured generation   total 349568K, used 349567K [0x0f6a0000, 0x24c00000, 0x24c00000)
   the space 349568K,  99% used [0x0f6a0000, 0x24bffff0, 0x24c00000, 0x24c00000)
 Metaspace       used 18854K, capacity 19319K, committed 19584K, reserved 19840K

Card table byte_map: [0x24c00000,0x24d10000] byte_map_base: 0x24bda000

Polling page: 0x00e80000

CodeCache: size=32768Kb used=2179Kb max_used=5104Kb free=30588Kb
 bounds [0x02b80000, 0x03080000, 0x04b80000]
 total_blobs=1194 nmethods=913 adapters=208
 compilation: enabled

Compilation events (10 events):
Event: 228058.710 Thread 0x25edb000 3574             javax.swing.text.SegmentCache::getSharedSegment (7 bytes)
Event: 228058.710 Thread 0x25edb000 nmethod 3574 0x03072d88 code [0x03072e90, 0x03072f1c]
Event: 228058.710 Thread 0x25edb000 3575             javax.swing.text.GlyphPainter1::getJustificationData (28 bytes)
Event: 228058.710 Thread 0x25edb000 nmethod 3575 0x02f52c88 code [0x02f52d90, 0x02f52e80]
Event: 228058.710 Thread 0x25edb000 3576             javax.swing.text.SegmentCache::releaseSharedSegment (8 bytes)
Event: 228058.710 Thread 0x25edb000 nmethod 3576 0x03072b48 code [0x03072c50, 0x03072cdc]
Event: 228058.710 Thread 0x25edb000 3577             javax.swing.text.AbstractDocument::getText (28 bytes)
Event: 228058.710 Thread 0x25edb000 nmethod 3577 0x02f52908 code [0x02f52a20, 0x02f52b78]
Event: 228058.710 Thread 0x25edb000 3578             javax.swing.text.BoxView::calculateMinorAxisRequirements (118 bytes)
Event: 228058.711 Thread 0x25edb000 nmethod 3578 0x02de8548 code [0x02de8690, 0x02de8964]

GC Heap History (10 events):
Event: 228078.808 GC heap before
{Heap before GC invocations=135189 (full 6365):
 def new generation   total 157248K, used 157248K [0x04c00000, 0x0f6a0000, 0x0f6a0000)
  eden space 139776K, 100% used [0x04c00000, 0x0d480000, 0x0d480000)
  from space 17472K, 100% used [0x0e590000, 0x0f6a0000, 0x0f6a0000)
  to   space 17472K,   0% used [0x0d480000, 0x0d480000, 0x0e590000)
 tenured generation   total 349568K, used 349568K [0x0f6a0000, 0x24c00000, 0x24c00000)
   the space 349568K, 100% used [0x0f6a0000, 0x24c00000, 0x24c00000, 0x24c00000)
 Metaspace       used 18854K, capacity 19319K, committed 19584K, reserved 19840K
Event: 228079.353 GC heap after
Heap after GC invocations=135190 (full 6366):
 def new generation   total 157248K, used 157247K [0x04c00000, 0x0f6a0000, 0x0f6a0000)
  eden space 139776K, 100% used [0x04c00000, 0x0d480000, 0x0d480000)
  from space 17472K,  99% used [0x0e590000, 0x0f69feb0, 0x0f6a0000)
  to   space 17472K,   0% used [0x0d480000, 0x0d480000, 0x0e590000)
 tenured generation   total 349568K, used 349568K [0x0f6a0000, 0x24c00000, 0x24c00000)
   the space 349568K, 100% used [0x0f6a0000, 0x24c00000, 0x24c00000, 0x24c00000)
 Metaspace       used 18854K, capacity 19319K, committed 19584K, reserved 19840K
}
Event: 228079.353 GC heap before
{Heap before GC invocations=135190 (full 6366):
 def new generation   total 157248K, used 157247K [0x04c00000, 0x0f6a0000, 0x0f6a0000)
  eden space 139776K, 100% used [0x04c00000, 0x0d480000, 0x0d480000)
  from space 17472K,  99% used [0x0e590000, 0x0f69ff68, 0x0f6a0000)
  to   space 17472K,   0% used [0x0d480000, 0x0d480000, 0x0e590000)
 tenured generation   total 349568K, used 349568K [0x0f6a0000, 0x24c00000, 0x24c00000)
   the space 349568K, 100% used [0x0f6a0000, 0x24c00000, 0x24c00000, 0x24c00000)
 Metaspace       used 18854K, capacity 19319K, committed 19584K, reserved 19840K
Event: 228079.892 GC heap after
Heap after GC invocations=135191 (full 6367):
 def new generation   total 157248K, used 157247K [0x04c00000, 0x0f6a0000, 0x0f6a0000)
  eden space 139776K, 100% used [0x04c00000, 0x0d480000, 0x0d480000)
  from space 17472K,  99% used [0x0e590000, 0x0f69ff28, 0x0f6a0000)
  to   space 17472K,   0% used [0x0d480000, 0x0d480000, 0x0e590000)
 tenured generation   total 349568K, used 349568K [0x0f6a0000, 0x24c00000, 0x24c00000)
   the space 349568K, 100% used [0x0f6a0000, 0x24c00000, 0x24c00000, 0x24c00000)
 Metaspace       used 18854K, capacity 19319K, committed 19584K, reserved 19840K
}
Event: 228079.892 GC heap before
{Heap before GC invocations=135191 (full 6367):
 def new generation   total 157248K, used 157247K [0x04c00000, 0x0f6a0000, 0x0f6a0000)
  eden space 139776K, 100% used [0x04c00000, 0x0d480000, 0x0d480000)
  from space 17472K,  99% used [0x0e590000, 0x0f69ffc8, 0x0f6a0000)
  to   space 17472K,   0% used [0x0d480000, 0x0d480000, 0x0e590000)
 tenured generation   total 349568K, used 349568K [0x0f6a0000, 0x24c00000, 0x24c00000)
   the space 349568K, 100% used [0x0f6a0000, 0x24c00000, 0x24c00000, 0x24c00000)
 Metaspace       used 18854K, capacity 19319K, committed 19584K, reserved 19840K
Event: 228080.439 GC heap after
Heap after GC invocations=135192 (full 6368):
 def new generation   total 157248K, used 157247K [0x04c00000, 0x0f6a0000, 0x0f6a0000)
  eden space 139776K, 100% used [0x04c00000, 0x0d480000, 0x0d480000)
  from space 17472K,  99% used [0x0e590000, 0x0f69ff78, 0x0f6a0000)
  to   space 17472K,   0% used [0x0d480000, 0x0d480000, 0x0e590000)
 tenured generation   total 349568K, used 349567K [0x0f6a0000, 0x24c00000, 0x24c00000)
   the space 349568K,  99% used [0x0f6a0000, 0x24bffff0, 0x24c00000, 0x24c00000)
 Metaspace       used 18854K, capacity 19319K, committed 19584K, reserved 19840K
}
Event: 228080.439 GC heap before
{Heap before GC invocations=135192 (full 6368):
 def new generation   total 157248K, used 157247K [0x04c00000, 0x0f6a0000, 0x0f6a0000)
  eden space 139776K, 100% used [0x04c00000, 0x0d480000, 0x0d480000)
  from space 17472K,  99% used [0x0e590000, 0x0f69fff0, 0x0f6a0000)
  to   space 17472K,   0% used [0x0d480000, 0x0d480000, 0x0e590000)
 tenured generation   total 349568K, used 349567K [0x0f6a0000, 0x24c00000, 0x24c00000)
   the space 349568K,  99% used [0x0f6a0000, 0x24bffff0, 0x24c00000, 0x24c00000)
 Metaspace       used 18854K, capacity 19319K, committed 19584K, reserved 19840K
Event: 228081.004 GC heap after
Heap after GC invocations=135193 (full 6369):
 def new generation   total 157248K, used 157247K [0x04c00000, 0x0f6a0000, 0x0f6a0000)
  eden space 139776K, 100% used [0x04c00000, 0x0d480000, 0x0d480000)
  from space 17472K,  99% used [0x0e590000, 0x0f69fff0, 0x0f6a0000)
  to   space 17472K,   0% used [0x0d480000, 0x0d480000, 0x0e590000)
 tenured generation   total 349568K, used 349567K [0x0f6a0000, 0x24c00000, 0x24c00000)
   the space 349568K,  99% used [0x0f6a0000, 0x24bffff0, 0x24c00000, 0x24c00000)
 Metaspace       used 18854K, capacity 19319K, committed 19584K, reserved 19840K
}
Event: 228081.004 GC heap before
{Heap before GC invocations=135193 (full 6369):
 def new generation   total 157248K, used 157247K [0x04c00000, 0x0f6a0000, 0x0f6a0000)
  eden space 139776K, 100% used [0x04c00000, 0x0d480000, 0x0d480000)
  from space 17472K,  99% used [0x0e590000, 0x0f69fff0, 0x0f6a0000)
  to   space 17472K,   0% used [0x0d480000, 0x0d480000, 0x0e590000)
 tenured generation   total 349568K, used 349567K [0x0f6a0000, 0x24c00000, 0x24c00000)
   the space 349568K,  99% used [0x0f6a0000, 0x24bffff0, 0x24c00000, 0x24c00000)
 Metaspace       used 18854K, capacity 19319K, committed 19584K, reserved 19840K
Event: 228081.556 GC heap after
Heap after GC invocations=135194 (full 6370):
 def new generation   total 157248K, used 157247K [0x04c00000, 0x0f6a0000, 0x0f6a0000)
  eden space 139776K, 100% used [0x04c00000, 0x0d480000, 0x0d480000)
  from space 17472K,  99% used [0x0e590000, 0x0f69fff0, 0x0f6a0000)
  to   space 17472K,   0% used [0x0d480000, 0x0d480000, 0x0e590000)
 tenured generation   total 349568K, used 349567K [0x0f6a0000, 0x24c00000, 0x24c00000)
   the space 349568K,  99% used [0x0f6a0000, 0x24bffff0, 0x24c00000, 0x24c00000)
 Metaspace       used 18854K, capacity 19319K, committed 19584K, reserved 19840K
}

Deoptimization events (0 events):
No events

Internal exceptions (10 events):
Event: 227989.900 Thread 0x28317800 Exception <a 'java/io/IOException'> (0x0f69f058) thrown at [C:\re\workspace\8-2-build-windows-i586-cygwin\jdk8u111\7883\hotspot\src\share\vm\prims\jni.cpp, line 709]
Event: 228010.800 Thread 0x28312000 Exception <a 'java/lang/OutOfMemoryError'> (0x0f6fa0b0) thrown at [C:\re\workspace\8-2-build-windows-i586-cygwin\jdk8u111\7883\hotspot\src\share\vm\gc_interface/collectedHeap.inline.hpp, line 159]
Event: 228011.334 Thread 0x28312000 Exception <a 'java/io/IOException'> (0x0f696d98) thrown at [C:\re\workspace\8-2-build-windows-i586-cygwin\jdk8u111\7883\hotspot\src\share\vm\prims\jni.cpp, line 709]
Event: 228011.334 Thread 0x28312000 Exception <a 'java/io/IOException'> (0x0f697ea8) thrown at [C:\re\workspace\8-2-build-windows-i586-cygwin\jdk8u111\7883\hotspot\src\share\vm\prims\jni.cpp, line 709]
Event: 228011.334 Thread 0x28312000 Exception <a 'java/io/IOException'> (0x0f698550) thrown at [C:\re\workspace\8-2-build-windows-i586-cygwin\jdk8u111\7883\hotspot\src\share\vm\prims\jni.cpp, line 709]
Event: 228011.334 Thread 0x28312000 Exception <a 'java/io/IOException'> (0x0f6987d0) thrown at [C:\re\workspace\8-2-build-windows-i586-cygwin\jdk8u111\7883\hotspot\src\share\vm\prims\jni.cpp, line 709]
Event: 228072.218 Thread 0x2826f400 Exception <a 'java/net/UnknownHostException': sawtell-PC.columbia.edu> (0x0f6974d8) thrown at [C:\re\workspace\8-2-build-windows-i586-cygwin\jdk8u111\7883\hotspot\src\share\vm\prims\jni.cpp, line 735]
Event: 228077.723 Thread 0x28314800 Exception <a 'java/lang/OutOfMemoryError'> (0x0f6fa0b0) thrown at [C:\re\workspace\8-2-build-windows-i586-cygwin\jdk8u111\7883\hotspot\src\share\vm\gc_interface/collectedHeap.inline.hpp, line 159]
Event: 228078.807 Thread 0x28311c00 Exception <a 'java/lang/OutOfMemoryError'> (0x0f6fa0b0) thrown at [C:\re\workspace\8-2-build-windows-i586-cygwin\jdk8u111\7883\hotspot\src\share\vm\gc_interface/collectedHeap.inline.hpp, line 159]
Event: 228081.557 Thread 0x28316400 Exception <a 'java/lang/OutOfMemoryError'> (0x0f6fa0b0) thrown at [C:\re\workspace\8-2-build-windows-i586-cygwin\jdk8u111\7883\hotspot\src\share\vm\gc_interface/collectedHeap.inline.hpp, line 159]

Events (10 events):
Event: 228078.807 Executing VM operation: GenCollectForAllocation done
Event: 228078.807 Executing VM operation: GenCollectForAllocation
Event: 228079.353 Executing VM operation: GenCollectForAllocation done
Event: 228079.353 Executing VM operation: GenCollectForAllocation
Event: 228079.892 Executing VM operation: GenCollectForAllocation done
Event: 228079.892 Executing VM operation: GenCollectForAllocation
Event: 228080.439 Executing VM operation: GenCollectForAllocation done
Event: 228080.439 Executing VM operation: GenCollectForAllocation
Event: 228081.556 Executing VM operation: GenCollectForAllocation done
Event: 228081.557 Executing VM operation: GenCollectForAllocation


Dynamic libraries:
0x00070000 - 0x000a3000 	C:\Program Files (x86)\Arduino\java\bin\javaw.exe
0x77130000 - 0x772c0000 	C:\WINDOWS\SYSTEM32\ntdll.dll
0x75d60000 - 0x75e40000 	C:\WINDOWS\System32\KERNEL32.DLL
0x75e40000 - 0x76024000 	C:\WINDOWS\System32\KERNELBASE.dll
0x73960000 - 0x739db000 	C:\WINDOWS\System32\SYSFER.DLL
0x767e0000 - 0x76858000 	C:\WINDOWS\System32\ADVAPI32.dll
0x73f40000 - 0x73fff000 	C:\WINDOWS\System32\msvcrt.dll
0x74540000 - 0x74584000 	C:\WINDOWS\System32\sechost.dll
0x760d0000 - 0x76190000 	C:\WINDOWS\System32\RPCRT4.dll
0x739f0000 - 0x73a10000 	C:\WINDOWS\System32\SspiCli.dll
0x739e0000 - 0x739ea000 	C:\WINDOWS\System32\CRYPTBASE.dll
0x74230000 - 0x74288000 	C:\WINDOWS\System32\bcryptPrimitives.dll
0x765a0000 - 0x7672d000 	C:\WINDOWS\System32\USER32.dll
0x742a0000 - 0x742b7000 	C:\WINDOWS\System32\win32u.dll
0x76750000 - 0x76772000 	C:\WINDOWS\System32\GDI32.dll
0x76420000 - 0x76584000 	C:\WINDOWS\System32\gdi32full.dll
0x74420000 - 0x7449d000 	C:\WINDOWS\System32\msvcp_win.dll
0x742f0000 - 0x7440d000 	C:\WINDOWS\System32\ucrtbase.dll
0x70940000 - 0x70b44000 	C:\WINDOWS\WinSxS\x86_microsoft.windows.common-controls_6595b64144ccf1df_6.0.17134.706_none_42f0d9a244e0990d\COMCTL32.dll
0x73b60000 - 0x73dbc000 	C:\WINDOWS\System32\combase.dll
0x742c0000 - 0x742e6000 	C:\WINDOWS\System32\IMM32.DLL
0x59300000 - 0x593bf000 	C:\Program Files (x86)\Arduino\java\bin\msvcr100.dll
0x52f10000 - 0x532dd000 	C:\Program Files (x86)\Arduino\java\bin\client\jvm.dll
0x76900000 - 0x76906000 	C:\WINDOWS\System32\PSAPI.DLL
0x72730000 - 0x72738000 	C:\WINDOWS\SYSTEM32\WSOCK32.dll
0x6b6b0000 - 0x6b6d4000 	C:\WINDOWS\SYSTEM32\WINMM.dll
0x71b20000 - 0x71b28000 	C:\WINDOWS\SYSTEM32\VERSION.dll
0x73ed0000 - 0x73f37000 	C:\WINDOWS\System32\WS2_32.dll
0x6b680000 - 0x6b6a3000 	C:\WINDOWS\SYSTEM32\WINMMBASE.dll
0x76870000 - 0x768a9000 	C:\WINDOWS\System32\cfgmgr32.dll
0x6d830000 - 0x6d861000 	C:\Program Files (x86)\Arduino\java\bin\splashscreen.dll
0x71e30000 - 0x71eac000 	C:\WINDOWS\system32\uxtheme.dll
0x70d40000 - 0x70d4c000 	C:\Program Files (x86)\Arduino\java\bin\verify.dll
0x6d800000 - 0x6d821000 	C:\Program Files (x86)\Arduino\java\bin\java.dll
0x73a10000 - 0x73b53000 	C:\WINDOWS\System32\MSCTF.dll
0x76030000 - 0x760c6000 	C:\WINDOWS\System32\OLEAUT32.dll
0x6d290000 - 0x6d2a3000 	C:\Program Files (x86)\Arduino\java\bin\zip.dll
0x76860000 - 0x7686f000 	C:\WINDOWS\System32\kernel.appcore.dll
0x63fa0000 - 0x6401d000 	C:\WINDOWS\System32\TextInputFramework.dll
0x63cb0000 - 0x63d3b000 	C:\WINDOWS\System32\CoreMessaging.dll
0x63d40000 - 0x63f9d000 	C:\WINDOWS\System32\CoreUIComponents.dll
0x741a0000 - 0x74228000 	C:\WINDOWS\System32\SHCORE.dll
0x72ee0000 - 0x72f09000 	C:\WINDOWS\SYSTEM32\ntmarta.dll
0x655b0000 - 0x65686000 	C:\WINDOWS\SYSTEM32\wintypes.dll
0x71e00000 - 0x71e23000 	C:\WINDOWS\system32\dwmapi.dll
0x74590000 - 0x758da000 	C:\WINDOWS\System32\SHELL32.dll
0x76910000 - 0x76eca000 	C:\WINDOWS\System32\windows.storage.dll
0x75d10000 - 0x75d55000 	C:\WINDOWS\System32\shlwapi.dll
0x76730000 - 0x76748000 	C:\WINDOWS\System32\profapi.dll
0x76190000 - 0x761d5000 	C:\WINDOWS\System32\powrprof.dll
0x76590000 - 0x76598000 	C:\WINDOWS\System32\FLTLIB.DLL
0x61940000 - 0x619b2000 	C:\Program Files (x86)\Arduino\lib\listSerialsj.dll
0x758e0000 - 0x75d0b000 	C:\WINDOWS\System32\SETUPAPI.dll
0x73600000 - 0x73613000 	C:\WINDOWS\SYSTEM32\CRYPTSP.dll
0x735d0000 - 0x735ff000 	C:\WINDOWS\system32\rsaenh.dll
0x735b0000 - 0x735c9000 	C:\WINDOWS\SYSTEM32\bcrypt.dll
0x72190000 - 0x721b1000 	C:\WINDOWS\SYSTEM32\USERENV.dll
0x6d270000 - 0x6d286000 	C:\Program Files (x86)\Arduino\java\bin\net.dll
0x734c0000 - 0x73516000 	C:\WINDOWS\system32\mswsock.dll
0x731a0000 - 0x731d0000 	C:\WINDOWS\SYSTEM32\IPHLPAPI.DLL
0x74410000 - 0x74417000 	C:\WINDOWS\System32\NSI.dll
0x72740000 - 0x72753000 	C:\WINDOWS\SYSTEM32\dhcpcsvc6.DLL
0x72790000 - 0x727a4000 	C:\WINDOWS\SYSTEM32\dhcpcsvc.DLL
0x70b90000 - 0x70b9f000 	C:\Program Files (x86)\Arduino\java\bin\nio.dll
0x6d220000 - 0x6d23d000 	C:\Users\sawtell\AppData\Local\Temp\jna-1874191130\jna7455384431975463508.dll
0x761e0000 - 0x762dc000 	C:\WINDOWS\System32\Ole32.dll
0x58d40000 - 0x58e86000 	C:\Program Files (x86)\Arduino\java\bin\awt.dll
0x6bb60000 - 0x6bbfd000 	C:\WINDOWS\SYSTEM32\apphelp.dll
0x6d1e0000 - 0x6d219000 	C:\Program Files (x86)\Arduino\java\bin\fontmanager.dll
0x6be90000 - 0x6bec2000 	C:\Program Files (x86)\Arduino\java\bin\t2k.dll
0x72760000 - 0x72782000 	C:\WINDOWS\SYSTEM32\DEVOBJ.dll
0x768b0000 - 0x768f7000 	C:\WINDOWS\System32\WINTRUST.dll
0x74530000 - 0x7453e000 	C:\WINDOWS\System32\MSASN1.dll
0x74000000 - 0x74196000 	C:\WINDOWS\System32\CRYPT32.dll
0x731d0000 - 0x7325e000 	C:\WINDOWS\SYSTEM32\DNSAPI.dll
0x730e0000 - 0x730e8000 	C:\Windows\System32\rasadhlp.dll
0x73090000 - 0x730df000 	C:\WINDOWS\System32\fwpuclnt.dll
0x59290000 - 0x592f9000 	C:\Program Files (x86)\Arduino\msvcp100.dll
0x58be0000 - 0x58c9e000 	C:\Program Files (x86)\Arduino\msvcr100.dll
0x297a0000 - 0x297d2000 	C:\Program Files (x86)\Arduino\lib\AStylej.dll
0x6be60000 - 0x6be84000 	C:\Program Files (x86)\Arduino\java\bin\dcpr.dll
0x73de0000 - 0x73e63000 	C:\WINDOWS\System32\clbcatq.dll
0x6ae80000 - 0x6aff1000 	C:\WINDOWS\SYSTEM32\WindowsCodecs.dll
0x6b710000 - 0x6b75f000 	C:\WINDOWS\system32\dataexchange.dll
0x6ad40000 - 0x6ae7c000 	C:\WINDOWS\system32\dcomp.dll
0x6aae0000 - 0x6ad32000 	C:\WINDOWS\system32\d3d11.dll
0x6aa40000 - 0x6aad8000 	C:\WINDOWS\system32\dxgi.dll
0x6a8d0000 - 0x6aa35000 	C:\WINDOWS\system32\twinapi.appcore.dll
0x6a8a0000 - 0x6a8c1000 	C:\WINDOWS\system32\RMCLIENT.dll
0x026a0000 - 0x026bb000 	C:\Users\sawtell\.jssc\windows\jSSC-2.8_x86.dll
0x70d70000 - 0x70ef2000 	C:\WINDOWS\SYSTEM32\dbghelp.dll

VM Arguments:
jvm_args: -Dsun.java2d.d3d=false -Djna.nosys=true -DAPP_DIR=C:\Program Files (x86)\Arduino -Xms128M -Xmx512M 
java_command: processing.app.Base C:\Users\sawtell\Desktop\github\obstacleRig\arduino\obstacleControl9\obstacleControl9.ino
java_class_path (initial): C:\Program Files (x86)\Arduino\lib\apple.jar;C:\Program Files (x86)\Arduino\lib\arduino-core.jar;C:\Program Files (x86)\Arduino\lib\batik-1.8.jar;C:\Program Files (x86)\Arduino\lib\batik-anim-1.8.jar;C:\Program Files (x86)\Arduino\lib\batik-awt-util-1.8.jar;C:\Program Files (x86)\Arduino\lib\batik-bridge-1.8.jar;C:\Program Files (x86)\Arduino\lib\batik-codec-1.8.jar;C:\Program Files (x86)\Arduino\lib\batik-css-1.8.jar;C:\Program Files (x86)\Arduino\lib\batik-dom-1.8.jar;C:\Program Files (x86)\Arduino\lib\batik-ext-1.8.jar;C:\Program Files (x86)\Arduino\lib\batik-gvt-1.8.jar;C:\Program Files (x86)\Arduino\lib\batik-parser-1.8.jar;C:\Program Files (x86)\Arduino\lib\batik-rasterizer-1.8.jar;C:\Program Files (x86)\Arduino\lib\batik-script-1.8.jar;C:\Program Files (x86)\Arduino\lib\batik-squiggle-1.8.jar;C:\Program Files (x86)\Arduino\lib\batik-svg-dom-1.8.jar;C:\Program Files (x86)\Arduino\lib\batik-svgpp-1.8.jar;C:\Program Files (x86)\Arduino\lib\batik-transcoder-1.8.jar;C:\Program Files (x86)\Arduino\lib\batik-util-1.8.jar;C:\Program Files (x86)\Arduino\lib\batik-xml-1.8.jar;C:\Program Files (x86)\Arduino\lib\bcpg-jdk15on-152.jar;C:\Program Files (x86)\Arduino\lib\bcprov-jdk15on-152.jar;C:\Program Files (x86)\Arduino\lib\commons-codec-1.7.jar;C:\Program Files (x86)\Arduino\lib\commons-compress-1.8.jar;C:\Program Files (x86)\Arduino\lib\commons-exec-1.1.jar;C:\Program Files (x86)\Arduino\lib\commons-httpclient-3.1.jar;C:\Program Files (x86)\Arduino\lib\commons-lang3-3.3.2.jar;C:\Program Files (x86)\Arduino\lib\commons-logging-1.0.4.jar;C:\Program Files (x86)\Arduino\lib\commons-net-3.3.jar;C:\Program Files (x86)\Arduino\lib\jackson-annotations-2.6.3.jar;C:\Program Files (x86)\Arduino\lib\jackson-core-2.6.3.jar;C:\Program Files (x86)\Arduino\lib\jackson-databind-2.6.3.jar;C:\Program Files (x86)\Arduino\lib\jackson-module-mrbean-2.6.3.jar;C:\Program Files (x86)\Arduino\lib\java-semver-0.8.0.jar;C:\Program Files (x86)\Arduino\lib\jmdns-3.4.1.j
Launcher Type: SUN_STANDARD

Environment Variables:
PATH=C:\Program Files (x86)\Intel\iCLS Client\;C:\Program Files\Intel\iCLS Client\;C:\WINDOWS\system32;C:\WINDOWS;C:\WINDOWS\System32\Wbem;C:\WINDOWS\System32\WindowsPowerShell\v1.0\;c:\Program Files (x86)\ATI Technologies\ATI.ACE\Core-Static;C:\Program Files (x86)\Intel\Intel(R) Management Engine Components\DAL;C:\Program Files\Intel\Intel(R) Management Engine Components\DAL;C:\Program Files (x86)\Intel\Intel(R) Management Engine Components\IPT;C:\Program Files\Intel\Intel(R) Management Engine Components\IPT;C:\Program Files\MATLAB\R2016b\runtime\win64;C:\Program Files\MATLAB\R2016b\bin;C:\Users\sawtell\ffmpeg\bin;C:\Program Files\Git\cmd;C:\Program Files\Point Grey Research\FlyCap2 Viewer\bin64;%FC2PATH\vs2013;C:\Program Files\Point Grey Research\FlyCap2 Viewer\bin64\vs2015;C:\WINDOWS\System32\OpenSSH\;C:\Users\sawtell\AppData\Local\Microsoft\WindowsApps; C:\Users\sawtell\ffmpeg\bin;;C:\Program Files (x86)\Microsoft VS Code\bin;C:\Program Files (x86)\Arduino\java\bin
USERNAME=sawtell
OS=Windows_NT
PROCESSOR_IDENTIFIER=Intel64 Family 6 Model 94 Stepping 3, GenuineIntel



---------------  S Y S T E M  ---------------

OS: Windows 10.0 , 64 bit Build 17134 (10.0.17134.706)

CPU:total 8 (4 cores per cpu, 2 threads per core) family 6 model 94 stepping 3, cmov, cx8, fxsr, mmx, sse, sse2, sse3, ssse3, sse4.1, sse4.2, popcnt, avx, avx2, aes, clmul, erms, rtm, 3dnowpref, lzcnt, ht, tsc, tscinvbit, bmi1, bmi2, adx

Memory: 4k page, physical 16673160k(12597784k free), swap 33450376k(28324856k free)

vm_info: Java HotSpot(TM) Client VM (25.111-b14) for windows-x86 JRE (1.8.0_111-b14), built on Sep 22 2016 18:54:33 by "java_re" with MS VC++ 10.0 (VS2010)

time: Tue Apr 23 01:59:15 2019
elapsed time: 228081 seconds (2d 15h 21m 21s)

